Mensaje I / 00:00:00:000 / Root(00) para top(01)
Mensaje I / 00:00:00:000 / top(01) para pump1(02)
Mensaje I / 00:00:00:000 / top(01) para pump2(03)
Mensaje I / 00:00:00:000 / top(01) para res(04)
Mensaje I / 00:00:00:000 / top(01) para wpump1(05)
Mensaje I / 00:00:00:000 / top(01) para wpump2(06)
Mensaje D / 00:00:00:000 / pump1(02) / ... para top(01)
Mensaje D / 00:00:00:000 / pump2(03) / ... para top(01)
Mensaje D / 00:00:00:000 / res(04) / ... para top(01)
Mensaje D / 00:00:00:000 / wpump1(05) / ... para top(01)
Mensaje D / 00:00:00:000 / wpump2(06) / ... para top(01)
Mensaje D / 00:00:00:000 / top(01) / ... para Root(00)
Mensaje X / 00:00:00:050 / Root(00) / power_in /      1.00000 para top(01)
Mensaje X / 00:00:00:050 / top(01) / power_in /      1.00000 para pump1(02)
Mensaje X / 00:00:00:050 / top(01) / power_in /      1.00000 para pump2(03)
Mensaje D / 00:00:00:050 / pump1(02) / ... para top(01)
Mensaje D / 00:00:00:050 / pump2(03) / ... para top(01)
Mensaje D / 00:00:00:050 / top(01) / ... para Root(00)
Mensaje X / 00:00:02:000 / Root(00) / wstart_in1 /      1.00000 para top(01)
Mensaje X / 00:00:02:000 / top(01) / start_in /      1.00000 para wpump1(05)
Mensaje D / 00:00:02:000 / wpump1(05) / 00:00:00:001 para top(01)
Mensaje D / 00:00:02:000 / top(01) / 00:00:00:001 para Root(00)
Mensaje * / 00:00:02:001 / Root(00) para top(01)
Mensaje * / 00:00:02:001 / top(01) para wpump1(05)
Mensaje Y / 00:00:02:001 / wpump1(05) / flow_out /    175.00000 para top(01)
Mensaje D / 00:00:02:001 / wpump1(05) / 00:00:10:000 para top(01)
Mensaje X / 00:00:02:001 / top(01) / q_in /    175.00000 para res(04)
Mensaje D / 00:00:02:001 / res(04) / 00:00:01:000 para top(01)
Mensaje D / 00:00:02:001 / top(01) / 00:00:01:000 para Root(00)
Mensaje * / 00:00:03:001 / Root(00) para top(01)
Mensaje * / 00:00:03:001 / top(01) para res(04)
Mensaje Y / 00:00:03:001 / res(04) / level_out /      1.00035 para top(01)
Mensaje Y / 00:00:03:001 / res(04) / low_level_out /      0.00000 para top(01)
Mensaje D / 00:00:03:001 / res(04) / ... para top(01)
Mensaje Y / 00:00:03:001 / top(01) / level /      1.00035 para Root(00)
Mensaje X / 00:00:03:001 / top(01) / level_in /      1.00035 para pump1(02)
Mensaje X / 00:00:03:001 / top(01) / level_in /      1.00035 para pump2(03)
Mensaje X / 00:00:03:001 / top(01) / low_level_in /      0.00000 para pump1(02)
Mensaje X / 00:00:03:001 / top(01) / low_level_in /      0.00000 para pump2(03)
Mensaje D / 00:00:03:001 / pump1(02) / ... para top(01)
Mensaje D / 00:00:03:001 / pump2(03) / ... para top(01)
Mensaje D / 00:00:03:001 / pump1(02) / 00:00:10:000 para top(01)
Mensaje D / 00:00:03:001 / pump2(03) / 00:00:10:000 para top(01)
Mensaje D / 00:00:03:001 / top(01) / 00:00:09:000 para Root(00)
Mensaje * / 00:00:12:001 / Root(00) para top(01)
Mensaje * / 00:00:12:001 / top(01) para wpump1(05)
Mensaje Y / 00:00:12:001 / wpump1(05) / flow_out /    175.00000 para top(01)
Mensaje D / 00:00:12:001 / wpump1(05) / 00:00:10:000 para top(01)
Mensaje X / 00:00:12:001 / top(01) / q_in /    175.00000 para res(04)
Mensaje D / 00:00:12:001 / res(04) / 00:00:01:000 para top(01)
Mensaje D / 00:00:12:001 / top(01) / 00:00:01:000 para Root(00)
Mensaje * / 00:00:13:001 / Root(00) para top(01)
Mensaje * / 00:00:13:001 / top(01) para pump1(02)
Mensaje Y / 00:00:13:001 / pump1(02) / flow_out /      0.00000 para top(01)
Mensaje Y / 00:00:13:001 / pump1(02) / state_out /      0.00000 para top(01)
Mensaje D / 00:00:13:001 / pump1(02) / ... para top(01)
Mensaje Y / 00:00:13:001 / top(01) / flow_out /      0.00000 para Root(00)
Mensaje X / 00:00:13:001 / top(01) / qp_in /      0.00000 para res(04)
Mensaje Y / 00:00:13:001 / top(01) / state_out1 /      0.00000 para Root(00)
Mensaje D / 00:00:13:001 / res(04) / 00:00:01:000 para top(01)
Mensaje D / 00:00:13:001 / top(01) / 00:00:00:000 para Root(00)
Mensaje * / 00:00:13:001 / Root(00) para top(01)
Mensaje * / 00:00:13:001 / top(01) para pump2(03)
Mensaje Y / 00:00:13:001 / pump2(03) / flow_out /      0.00000 para top(01)
Mensaje Y / 00:00:13:001 / pump2(03) / state_out /      0.00000 para top(01)
Mensaje D / 00:00:13:001 / pump2(03) / ... para top(01)
Mensaje Y / 00:00:13:001 / top(01) / flow_out /      0.00000 para Root(00)
Mensaje X / 00:00:13:001 / top(01) / qp_in /      0.00000 para res(04)
Mensaje Y / 00:00:13:001 / top(01) / state_out2 /      0.00000 para Root(00)
Mensaje D / 00:00:13:001 / res(04) / 00:00:01:000 para top(01)
Mensaje D / 00:00:13:001 / top(01) / 00:00:01:000 para Root(00)
Mensaje * / 00:00:14:001 / Root(00) para top(01)
Mensaje * / 00:00:14:001 / top(01) para res(04)
Mensaje Y / 00:00:14:001 / res(04) / level_out /      1.00210 para top(01)
Mensaje Y / 00:00:14:001 / res(04) / low_level_out /      0.00000 para top(01)
Mensaje D / 00:00:14:001 / res(04) / ... para top(01)
Mensaje Y / 00:00:14:001 / top(01) / level /      1.00210 para Root(00)
Mensaje X / 00:00:14:001 / top(01) / level_in /      1.00210 para pump1(02)
Mensaje X / 00:00:14:001 / top(01) / level_in /      1.00210 para pump2(03)
Mensaje X / 00:00:14:001 / top(01) / low_level_in /      0.00000 para pump1(02)
Mensaje X / 00:00:14:001 / top(01) / low_level_in /      0.00000 para pump2(03)
Mensaje D / 00:00:14:001 / pump1(02) / ... para top(01)
Mensaje D / 00:00:14:001 / pump2(03) / ... para top(01)
Mensaje D / 00:00:14:001 / pump1(02) / 00:00:10:000 para top(01)
Mensaje D / 00:00:14:001 / pump2(03) / 00:00:10:000 para top(01)
Mensaje D / 00:00:14:001 / top(01) / 00:00:08:000 para Root(00)
Mensaje * / 00:00:22:001 / Root(00) para top(01)
Mensaje * / 00:00:22:001 / top(01) para wpump1(05)
Mensaje Y / 00:00:22:001 / wpump1(05) / flow_out /    175.00000 para top(01)
Mensaje D / 00:00:22:001 / wpump1(05) / 00:00:10:000 para top(01)
Mensaje X / 00:00:22:001 / top(01) / q_in /    175.00000 para res(04)
Mensaje D / 00:00:22:001 / res(04) / 00:00:01:000 para top(01)
Mensaje D / 00:00:22:001 / top(01) / 00:00:01:000 para Root(00)
Mensaje * / 00:00:23:001 / Root(00) para top(01)
Mensaje * / 00:00:23:001 / top(01) para res(04)
Mensaje Y / 00:00:23:001 / res(04) / level_out /      1.00385 para top(01)
Mensaje Y / 00:00:23:001 / res(04) / low_level_out /      0.00000 para top(01)
Mensaje D / 00:00:23:001 / res(04) / ... para top(01)
Mensaje Y / 00:00:23:001 / top(01) / level /      1.00385 para Root(00)
Mensaje X / 00:00:23:001 / top(01) / level_in /      1.00385 para pump1(02)
Mensaje X / 00:00:23:001 / top(01) / level_in /      1.00385 para pump2(03)
Mensaje X / 00:00:23:001 / top(01) / low_level_in /      0.00000 para pump1(02)
Mensaje X / 00:00:23:001 / top(01) / low_level_in /      0.00000 para pump2(03)
Mensaje D / 00:00:23:001 / pump1(02) / 00:00:01:000 para top(01)
Mensaje D / 00:00:23:001 / pump2(03) / 00:00:01:000 para top(01)
Mensaje D / 00:00:23:001 / pump1(02) / 00:00:10:000 para top(01)
Mensaje D / 00:00:23:001 / pump2(03) / 00:00:10:000 para top(01)
Mensaje D / 00:00:23:001 / top(01) / 00:00:09:000 para Root(00)
Mensaje X / 00:00:30:000 / Root(00) / start_in1 /      1.00000 para top(01)
Mensaje X / 00:00:30:000 / top(01) / start_in /      1.00000 para pump1(02)
Mensaje D / 00:00:30:000 / pump1(02) / 00:00:10:000 para top(01)
Mensaje D / 00:00:30:000 / top(01) / 00:00:02:001 para Root(00)
Mensaje * / 00:00:32:001 / Root(00) para top(01)
Mensaje * / 00:00:32:001 / top(01) para wpump1(05)
Mensaje Y / 00:00:32:001 / wpump1(05) / flow_out /    175.00000 para top(01)
Mensaje D / 00:00:32:001 / wpump1(05) / 00:00:10:000 para top(01)
Mensaje X / 00:00:32:001 / top(01) / q_in /    175.00000 para res(04)
Mensaje D / 00:00:32:001 / res(04) / 00:00:01:000 para top(01)
Mensaje D / 00:00:32:001 / top(01) / 00:00:01:000 para Root(00)
Mensaje * / 00:00:33:001 / Root(00) para top(01)
Mensaje * / 00:00:33:001 / top(01) para pump2(03)
Mensaje Y / 00:00:33:001 / pump2(03) / flow_out /    250.00000 para top(01)
Mensaje Y / 00:00:33:001 / pump2(03) / state_out /      0.00000 para top(01)
Mensaje D / 00:00:33:001 / pump2(03) / ... para top(01)
Mensaje Y / 00:00:33:001 / top(01) / flow_out /    250.00000 para Root(00)
Mensaje X / 00:00:33:001 / top(01) / qp_in /    250.00000 para res(04)
Mensaje Y / 00:00:33:001 / top(01) / state_out2 /      0.00000 para Root(00)
Mensaje D / 00:00:33:001 / res(04) / 00:00:01:000 para top(01)
Mensaje D / 00:00:33:001 / top(01) / 00:00:01:000 para Root(00)
Mensaje * / 00:00:34:001 / Root(00) para top(01)
Mensaje * / 00:00:34:001 / top(01) para res(04)
Mensaje Y / 00:00:34:001 / res(04) / level_out /      1.00060 para top(01)
Mensaje Y / 00:00:34:001 / res(04) / low_level_out /      0.00000 para top(01)
Mensaje D / 00:00:34:001 / res(04) / ... para top(01)
Mensaje Y / 00:00:34:001 / top(01) / level /      1.00060 para Root(00)
Mensaje X / 00:00:34:001 / top(01) / level_in /      1.00060 para pump1(02)
Mensaje X / 00:00:34:001 / top(01) / level_in /      1.00060 para pump2(03)
Mensaje X / 00:00:34:001 / top(01) / low_level_in /      0.00000 para pump1(02)
Mensaje X / 00:00:34:001 / top(01) / low_level_in /      0.00000 para pump2(03)
Mensaje D / 00:00:34:001 / pump1(02) / 00:00:05:999 para top(01)
Mensaje D / 00:00:34:001 / pump2(03) / ... para top(01)
Mensaje D / 00:00:34:001 / pump1(02) / 00:00:10:000 para top(01)
Mensaje D / 00:00:34:001 / pump2(03) / 00:00:10:000 para top(01)
Mensaje D / 00:00:34:001 / top(01) / 00:00:08:000 para Root(00)
Mensaje * / 00:00:42:001 / Root(00) para top(01)
Mensaje * / 00:00:42:001 / top(01) para wpump1(05)
Mensaje Y / 00:00:42:001 / wpump1(05) / flow_out /    175.00000 para top(01)
Mensaje D / 00:00:42:001 / wpump1(05) / 00:00:10:000 para top(01)
Mensaje X / 00:00:42:001 / top(01) / q_in /    175.00000 para res(04)
Mensaje D / 00:00:42:001 / res(04) / 00:00:01:000 para top(01)
Mensaje D / 00:00:42:001 / top(01) / 00:00:01:000 para Root(00)
Mensaje * / 00:00:43:001 / Root(00) para top(01)
Mensaje * / 00:00:43:001 / top(01) para res(04)
Mensaje Y / 00:00:43:001 / res(04) / level_out /      1.00235 para top(01)
Mensaje Y / 00:00:43:001 / res(04) / low_level_out /      0.00000 para top(01)
Mensaje D / 00:00:43:001 / res(04) / ... para top(01)
Mensaje Y / 00:00:43:001 / top(01) / level /      1.00235 para Root(00)
Mensaje X / 00:00:43:001 / top(01) / level_in /      1.00235 para pump1(02)
Mensaje X / 00:00:43:001 / top(01) / level_in /      1.00235 para pump2(03)
Mensaje X / 00:00:43:001 / top(01) / low_level_in /      0.00000 para pump1(02)
Mensaje X / 00:00:43:001 / top(01) / low_level_in /      0.00000 para pump2(03)
Mensaje D / 00:00:43:001 / pump1(02) / 00:00:01:000 para top(01)
Mensaje D / 00:00:43:001 / pump2(03) / 00:00:01:000 para top(01)
Mensaje D / 00:00:43:001 / pump1(02) / 00:00:10:000 para top(01)
Mensaje D / 00:00:43:001 / pump2(03) / 00:00:10:000 para top(01)
Mensaje D / 00:00:43:001 / top(01) / 00:00:09:000 para Root(00)
Mensaje * / 00:00:52:001 / Root(00) para top(01)
Mensaje * / 00:00:52:001 / top(01) para wpump1(05)
Mensaje Y / 00:00:52:001 / wpump1(05) / flow_out /    175.00000 para top(01)
Mensaje D / 00:00:52:001 / wpump1(05) / 00:00:10:000 para top(01)
Mensaje X / 00:00:52:001 / top(01) / q_in /    175.00000 para res(04)
Mensaje D / 00:00:52:001 / res(04) / 00:00:01:000 para top(01)
Mensaje D / 00:00:52:001 / top(01) / 00:00:01:000 para Root(00)
Mensaje * / 00:00:53:001 / Root(00) para top(01)
Mensaje * / 00:00:53:001 / top(01) para pump1(02)
Mensaje Y / 00:00:53:001 / pump1(02) / flow_out /    250.00000 para top(01)
Mensaje Y / 00:00:53:001 / pump1(02) / state_out /      1.00000 para top(01)
Mensaje D / 00:00:53:001 / pump1(02) / 00:00:10:000 para top(01)
Mensaje Y / 00:00:53:001 / top(01) / flow_out /    250.00000 para Root(00)
Mensaje X / 00:00:53:001 / top(01) / qp_in /    250.00000 para res(04)
Mensaje Y / 00:00:53:001 / top(01) / state_out1 /      1.00000 para Root(00)
Mensaje D / 00:00:53:001 / res(04) / 00:00:01:000 para top(01)
Mensaje D / 00:00:53:001 / top(01) / 00:00:00:000 para Root(00)
Mensaje * / 00:00:53:001 / Root(00) para top(01)
Mensaje * / 00:00:53:001 / top(01) para pump2(03)
Mensaje Y / 00:00:53:001 / pump2(03) / flow_out /    250.00000 para top(01)
Mensaje Y / 00:00:53:001 / pump2(03) / state_out /      0.00000 para top(01)
Mensaje D / 00:00:53:001 / pump2(03) / ... para top(01)
Mensaje Y / 00:00:53:001 / top(01) / flow_out /    250.00000 para Root(00)
Mensaje X / 00:00:53:001 / top(01) / qp_in /    250.00000 para res(04)
Mensaje Y / 00:00:53:001 / top(01) / state_out2 /      0.00000 para Root(00)
Mensaje D / 00:00:53:001 / res(04) / 00:00:01:000 para top(01)
Mensaje D / 00:00:53:001 / top(01) / 00:00:01:000 para Root(00)
Mensaje * / 00:00:54:001 / Root(00) para top(01)
Mensaje * / 00:00:54:001 / top(01) para res(04)
Mensaje Y / 00:00:54:001 / res(04) / level_out /      0.99910 para top(01)
Mensaje Y / 00:00:54:001 / res(04) / low_level_out /      0.00000 para top(01)
Mensaje D / 00:00:54:001 / res(04) / ... para top(01)
Mensaje Y / 00:00:54:001 / top(01) / level /      0.99910 para Root(00)
Mensaje X / 00:00:54:001 / top(01) / level_in /      0.99910 para pump1(02)
Mensaje X / 00:00:54:001 / top(01) / level_in /      0.99910 para pump2(03)
Mensaje X / 00:00:54:001 / top(01) / low_level_in /      0.00000 para pump1(02)
Mensaje X / 00:00:54:001 / top(01) / low_level_in /      0.00000 para pump2(03)
Mensaje D / 00:00:54:001 / pump1(02) / 00:00:09:000 para top(01)
Mensaje D / 00:00:54:001 / pump2(03) / ... para top(01)
Mensaje D / 00:00:54:001 / pump1(02) / 00:00:10:000 para top(01)
Mensaje D / 00:00:54:001 / pump2(03) / 00:00:10:000 para top(01)
Mensaje D / 00:00:54:001 / top(01) / 00:00:08:000 para Root(00)
Mensaje X / 00:01:00:000 / Root(00) / start_in2 /      1.00000 para top(01)
Mensaje X / 00:01:00:000 / top(01) / start_in /      1.00000 para pump2(03)
Mensaje D / 00:01:00:000 / pump2(03) / 00:00:10:000 para top(01)
Mensaje D / 00:01:00:000 / top(01) / 00:00:02:001 para Root(00)
Mensaje * / 00:01:02:001 / Root(00) para top(01)
Mensaje * / 00:01:02:001 / top(01) para wpump1(05)
Mensaje Y / 00:01:02:001 / wpump1(05) / flow_out /    175.00000 para top(01)
Mensaje D / 00:01:02:001 / wpump1(05) / 00:00:10:000 para top(01)
Mensaje X / 00:01:02:001 / top(01) / q_in /    175.00000 para res(04)
Mensaje D / 00:01:02:001 / res(04) / 00:00:01:000 para top(01)
Mensaje D / 00:01:02:001 / top(01) / 00:00:01:000 para Root(00)
Mensaje * / 00:01:03:001 / Root(00) para top(01)
Mensaje * / 00:01:03:001 / top(01) para res(04)
Mensaje Y / 00:01:03:001 / res(04) / level_out /      1.00085 para top(01)
Mensaje Y / 00:01:03:001 / res(04) / low_level_out /      0.00000 para top(01)
Mensaje D / 00:01:03:001 / res(04) / ... para top(01)
Mensaje Y / 00:01:03:001 / top(01) / level /      1.00085 para Root(00)
Mensaje X / 00:01:03:001 / top(01) / level_in /      1.00085 para pump1(02)
Mensaje X / 00:01:03:001 / top(01) / level_in /      1.00085 para pump2(03)
Mensaje X / 00:01:03:001 / top(01) / low_level_in /      0.00000 para pump1(02)
Mensaje X / 00:01:03:001 / top(01) / low_level_in /      0.00000 para pump2(03)
Mensaje D / 00:01:03:001 / pump1(02) / 00:00:01:000 para top(01)
Mensaje D / 00:01:03:001 / pump2(03) / 00:00:06:999 para top(01)
Mensaje D / 00:01:03:001 / pump1(02) / 00:00:10:000 para top(01)
Mensaje D / 00:01:03:001 / pump2(03) / 00:00:10:000 para top(01)
Mensaje D / 00:01:03:001 / top(01) / 00:00:09:000 para Root(00)
Mensaje * / 00:01:12:001 / Root(00) para top(01)
Mensaje * / 00:01:12:001 / top(01) para wpump1(05)
Mensaje Y / 00:01:12:001 / wpump1(05) / flow_out /    175.00000 para top(01)
Mensaje D / 00:01:12:001 / wpump1(05) / 00:00:10:000 para top(01)
Mensaje X / 00:01:12:001 / top(01) / q_in /    175.00000 para res(04)
Mensaje D / 00:01:12:001 / res(04) / 00:00:01:000 para top(01)
Mensaje D / 00:01:12:001 / top(01) / 00:00:01:000 para Root(00)
Mensaje * / 00:01:13:001 / Root(00) para top(01)
Mensaje * / 00:01:13:001 / top(01) para pump1(02)
Mensaje Y / 00:01:13:001 / pump1(02) / flow_out /    475.00000 para top(01)
Mensaje Y / 00:01:13:001 / pump1(02) / state_out /      1.00000 para top(01)
Mensaje D / 00:01:13:001 / pump1(02) / 00:00:10:000 para top(01)
Mensaje Y / 00:01:13:001 / top(01) / flow_out /    475.00000 para Root(00)
Mensaje X / 00:01:13:001 / top(01) / qp_in /    475.00000 para res(04)
Mensaje Y / 00:01:13:001 / top(01) / state_out1 /      1.00000 para Root(00)
Mensaje D / 00:01:13:001 / res(04) / 00:00:01:000 para top(01)
Mensaje D / 00:01:13:001 / top(01) / 00:00:00:000 para Root(00)
Mensaje * / 00:01:13:001 / Root(00) para top(01)
Mensaje * / 00:01:13:001 / top(01) para pump2(03)
Mensaje Y / 00:01:13:001 / pump2(03) / flow_out /    475.00000 para top(01)
Mensaje Y / 00:01:13:001 / pump2(03) / state_out /      1.00000 para top(01)
Mensaje D / 00:01:13:001 / pump2(03) / 00:00:10:000 para top(01)
Mensaje Y / 00:01:13:001 / top(01) / flow_out /    475.00000 para Root(00)
Mensaje X / 00:01:13:001 / top(01) / qp_in /    475.00000 para res(04)
Mensaje Y / 00:01:13:001 / top(01) / state_out2 /      1.00000 para Root(00)
Mensaje D / 00:01:13:001 / res(04) / 00:00:01:000 para top(01)
Mensaje D / 00:01:13:001 / top(01) / 00:00:01:000 para Root(00)
Mensaje * / 00:01:14:001 / Root(00) para top(01)
Mensaje * / 00:01:14:001 / top(01) para res(04)
Mensaje Y / 00:01:14:001 / res(04) / level_out /      0.99310 para top(01)
Mensaje Y / 00:01:14:001 / res(04) / low_level_out /      0.00000 para top(01)
Mensaje D / 00:01:14:001 / res(04) / ... para top(01)
Mensaje Y / 00:01:14:001 / top(01) / level /      0.99310 para Root(00)
Mensaje X / 00:01:14:001 / top(01) / level_in /      0.99310 para pump1(02)
Mensaje X / 00:01:14:001 / top(01) / level_in /      0.99310 para pump2(03)
Mensaje X / 00:01:14:001 / top(01) / low_level_in /      0.00000 para pump1(02)
Mensaje X / 00:01:14:001 / top(01) / low_level_in /      0.00000 para pump2(03)
Mensaje D / 00:01:14:001 / pump1(02) / 00:00:09:000 para top(01)
Mensaje D / 00:01:14:001 / pump2(03) / 00:00:09:000 para top(01)
Mensaje D / 00:01:14:001 / pump1(02) / 00:00:10:000 para top(01)
Mensaje D / 00:01:14:001 / pump2(03) / 00:00:10:000 para top(01)
Mensaje D / 00:01:14:001 / top(01) / 00:00:08:000 para Root(00)
Mensaje * / 00:01:22:001 / Root(00) para top(01)
Mensaje * / 00:01:22:001 / top(01) para wpump1(05)
Mensaje Y / 00:01:22:001 / wpump1(05) / flow_out /    175.00000 para top(01)
Mensaje D / 00:01:22:001 / wpump1(05) / 00:00:10:000 para top(01)
Mensaje X / 00:01:22:001 / top(01) / q_in /    175.00000 para res(04)
Mensaje D / 00:01:22:001 / res(04) / 00:00:01:000 para top(01)
Mensaje D / 00:01:22:001 / top(01) / 00:00:01:000 para Root(00)
Mensaje * / 00:01:23:001 / Root(00) para top(01)
Mensaje * / 00:01:23:001 / top(01) para res(04)
Mensaje Y / 00:01:23:001 / res(04) / level_out /      0.99485 para top(01)
Mensaje Y / 00:01:23:001 / res(04) / low_level_out /      0.00000 para top(01)
Mensaje D / 00:01:23:001 / res(04) / ... para top(01)
Mensaje Y / 00:01:23:001 / top(01) / level /      0.99485 para Root(00)
Mensaje X / 00:01:23:001 / top(01) / level_in /      0.99485 para pump1(02)
Mensaje X / 00:01:23:001 / top(01) / level_in /      0.99485 para pump2(03)
Mensaje X / 00:01:23:001 / top(01) / low_level_in /      0.00000 para pump1(02)
Mensaje X / 00:01:23:001 / top(01) / low_level_in /      0.00000 para pump2(03)
Mensaje D / 00:01:23:001 / pump1(02) / 00:00:01:000 para top(01)
Mensaje D / 00:01:23:001 / pump2(03) / 00:00:01:000 para top(01)
Mensaje D / 00:01:23:001 / pump1(02) / 00:00:10:000 para top(01)
Mensaje D / 00:01:23:001 / pump2(03) / 00:00:10:000 para top(01)
Mensaje D / 00:01:23:001 / top(01) / 00:00:09:000 para Root(00)
Mensaje * / 00:01:32:001 / Root(00) para top(01)
Mensaje * / 00:01:32:001 / top(01) para wpump1(05)
Mensaje Y / 00:01:32:001 / wpump1(05) / flow_out /    175.00000 para top(01)
Mensaje D / 00:01:32:001 / wpump1(05) / 00:00:10:000 para top(01)
Mensaje X / 00:01:32:001 / top(01) / q_in /    175.00000 para res(04)
Mensaje D / 00:01:32:001 / res(04) / 00:00:01:000 para top(01)
Mensaje D / 00:01:32:001 / top(01) / 00:00:01:000 para Root(00)
Mensaje * / 00:01:33:001 / Root(00) para top(01)
Mensaje * / 00:01:33:001 / top(01) para pump1(02)
Mensaje Y / 00:01:33:001 / pump1(02) / flow_out /    475.00000 para top(01)
Mensaje Y / 00:01:33:001 / pump1(02) / state_out /      1.00000 para top(01)
Mensaje D / 00:01:33:001 / pump1(02) / 00:00:10:000 para top(01)
Mensaje Y / 00:01:33:001 / top(01) / flow_out /    475.00000 para Root(00)
Mensaje X / 00:01:33:001 / top(01) / qp_in /    475.00000 para res(04)
Mensaje Y / 00:01:33:001 / top(01) / state_out1 /      1.00000 para Root(00)
Mensaje D / 00:01:33:001 / res(04) / 00:00:01:000 para top(01)
Mensaje D / 00:01:33:001 / top(01) / 00:00:00:000 para Root(00)
Mensaje * / 00:01:33:001 / Root(00) para top(01)
Mensaje * / 00:01:33:001 / top(01) para pump2(03)
Mensaje Y / 00:01:33:001 / pump2(03) / flow_out /    475.00000 para top(01)
Mensaje Y / 00:01:33:001 / pump2(03) / state_out /      1.00000 para top(01)
Mensaje D / 00:01:33:001 / pump2(03) / 00:00:10:000 para top(01)
Mensaje Y / 00:01:33:001 / top(01) / flow_out /    475.00000 para Root(00)
Mensaje X / 00:01:33:001 / top(01) / qp_in /    475.00000 para res(04)
Mensaje Y / 00:01:33:001 / top(01) / state_out2 /      1.00000 para Root(00)
Mensaje D / 00:01:33:001 / res(04) / 00:00:01:000 para top(01)
Mensaje D / 00:01:33:001 / top(01) / 00:00:01:000 para Root(00)
Mensaje * / 00:01:34:001 / Root(00) para top(01)
Mensaje * / 00:01:34:001 / top(01) para res(04)
Mensaje Y / 00:01:34:001 / res(04) / level_out /      0.98710 para top(01)
Mensaje Y / 00:01:34:001 / res(04) / low_level_out /      0.00000 para top(01)
Mensaje D / 00:01:34:001 / res(04) / ... para top(01)
Mensaje Y / 00:01:34:001 / top(01) / level /      0.98710 para Root(00)
Mensaje X / 00:01:34:001 / top(01) / level_in /      0.98710 para pump1(02)
Mensaje X / 00:01:34:001 / top(01) / level_in /      0.98710 para pump2(03)
Mensaje X / 00:01:34:001 / top(01) / low_level_in /      0.00000 para pump1(02)
Mensaje X / 00:01:34:001 / top(01) / low_level_in /      0.00000 para pump2(03)
Mensaje D / 00:01:34:001 / pump1(02) / 00:00:09:000 para top(01)
Mensaje D / 00:01:34:001 / pump2(03) / 00:00:09:000 para top(01)
Mensaje D / 00:01:34:001 / pump1(02) / 00:00:10:000 para top(01)
Mensaje D / 00:01:34:001 / pump2(03) / 00:00:10:000 para top(01)
Mensaje D / 00:01:34:001 / top(01) / 00:00:08:000 para Root(00)
Mensaje * / 00:01:42:001 / Root(00) para top(01)
Mensaje * / 00:01:42:001 / top(01) para wpump1(05)
Mensaje Y / 00:01:42:001 / wpump1(05) / flow_out /    175.00000 para top(01)
Mensaje D / 00:01:42:001 / wpump1(05) / 00:00:10:000 para top(01)
Mensaje X / 00:01:42:001 / top(01) / q_in /    175.00000 para res(04)
Mensaje D / 00:01:42:001 / res(04) / 00:00:01:000 para top(01)
Mensaje D / 00:01:42:001 / top(01) / 00:00:01:000 para Root(00)
Mensaje * / 00:01:43:001 / Root(00) para top(01)
Mensaje * / 00:01:43:001 / top(01) para res(04)
Mensaje Y / 00:01:43:001 / res(04) / level_out /      0.98885 para top(01)
Mensaje Y / 00:01:43:001 / res(04) / low_level_out /      0.00000 para top(01)
Mensaje D / 00:01:43:001 / res(04) / ... para top(01)
Mensaje Y / 00:01:43:001 / top(01) / level /      0.98885 para Root(00)
Mensaje X / 00:01:43:001 / top(01) / level_in /      0.98885 para pump1(02)
Mensaje X / 00:01:43:001 / top(01) / level_in /      0.98885 para pump2(03)
Mensaje X / 00:01:43:001 / top(01) / low_level_in /      0.00000 para pump1(02)
Mensaje X / 00:01:43:001 / top(01) / low_level_in /      0.00000 para pump2(03)
Mensaje D / 00:01:43:001 / pump1(02) / 00:00:01:000 para top(01)
Mensaje D / 00:01:43:001 / pump2(03) / 00:00:01:000 para top(01)
Mensaje D / 00:01:43:001 / pump1(02) / 00:00:10:000 para top(01)
Mensaje D / 00:01:43:001 / pump2(03) / 00:00:10:000 para top(01)
Mensaje D / 00:01:43:001 / top(01) / 00:00:09:000 para Root(00)
Mensaje * / 00:01:52:001 / Root(00) para top(01)
Mensaje * / 00:01:52:001 / top(01) para wpump1(05)
Mensaje Y / 00:01:52:001 / wpump1(05) / flow_out /    175.00000 para top(01)
Mensaje D / 00:01:52:001 / wpump1(05) / 00:00:10:000 para top(01)
Mensaje X / 00:01:52:001 / top(01) / q_in /    175.00000 para res(04)
Mensaje D / 00:01:52:001 / res(04) / 00:00:01:000 para top(01)
Mensaje D / 00:01:52:001 / top(01) / 00:00:01:000 para Root(00)
Mensaje * / 00:01:53:001 / Root(00) para top(01)
Mensaje * / 00:01:53:001 / top(01) para pump1(02)
Mensaje Y / 00:01:53:001 / pump1(02) / flow_out /    475.00000 para top(01)
Mensaje Y / 00:01:53:001 / pump1(02) / state_out /      1.00000 para top(01)
Mensaje D / 00:01:53:001 / pump1(02) / 00:00:10:000 para top(01)
Mensaje Y / 00:01:53:001 / top(01) / flow_out /    475.00000 para Root(00)
Mensaje X / 00:01:53:001 / top(01) / qp_in /    475.00000 para res(04)
Mensaje Y / 00:01:53:001 / top(01) / state_out1 /      1.00000 para Root(00)
Mensaje D / 00:01:53:001 / res(04) / 00:00:01:000 para top(01)
Mensaje D / 00:01:53:001 / top(01) / 00:00:00:000 para Root(00)
Mensaje * / 00:01:53:001 / Root(00) para top(01)
Mensaje * / 00:01:53:001 / top(01) para pump2(03)
Mensaje Y / 00:01:53:001 / pump2(03) / flow_out /    475.00000 para top(01)
Mensaje Y / 00:01:53:001 / pump2(03) / state_out /      1.00000 para top(01)
Mensaje D / 00:01:53:001 / pump2(03) / 00:00:10:000 para top(01)
Mensaje Y / 00:01:53:001 / top(01) / flow_out /    475.00000 para Root(00)
Mensaje X / 00:01:53:001 / top(01) / qp_in /    475.00000 para res(04)
Mensaje Y / 00:01:53:001 / top(01) / state_out2 /      1.00000 para Root(00)
Mensaje D / 00:01:53:001 / res(04) / 00:00:01:000 para top(01)
Mensaje D / 00:01:53:001 / top(01) / 00:00:01:000 para Root(00)
Mensaje * / 00:01:54:001 / Root(00) para top(01)
Mensaje * / 00:01:54:001 / top(01) para res(04)
Mensaje Y / 00:01:54:001 / res(04) / level_out /      0.98110 para top(01)
Mensaje Y / 00:01:54:001 / res(04) / low_level_out /      0.00000 para top(01)
Mensaje D / 00:01:54:001 / res(04) / ... para top(01)
Mensaje Y / 00:01:54:001 / top(01) / level /      0.98110 para Root(00)
Mensaje X / 00:01:54:001 / top(01) / level_in /      0.98110 para pump1(02)
Mensaje X / 00:01:54:001 / top(01) / level_in /      0.98110 para pump2(03)
Mensaje X / 00:01:54:001 / top(01) / low_level_in /      0.00000 para pump1(02)
Mensaje X / 00:01:54:001 / top(01) / low_level_in /      0.00000 para pump2(03)
Mensaje D / 00:01:54:001 / pump1(02) / 00:00:09:000 para top(01)
Mensaje D / 00:01:54:001 / pump2(03) / 00:00:09:000 para top(01)
Mensaje D / 00:01:54:001 / pump1(02) / 00:00:10:000 para top(01)
Mensaje D / 00:01:54:001 / pump2(03) / 00:00:10:000 para top(01)
Mensaje D / 00:01:54:001 / top(01) / 00:00:08:000 para Root(00)
Mensaje * / 00:02:02:001 / Root(00) para top(01)
Mensaje * / 00:02:02:001 / top(01) para wpump1(05)
Mensaje Y / 00:02:02:001 / wpump1(05) / flow_out /    175.00000 para top(01)
Mensaje D / 00:02:02:001 / wpump1(05) / 00:00:10:000 para top(01)
Mensaje X / 00:02:02:001 / top(01) / q_in /    175.00000 para res(04)
Mensaje D / 00:02:02:001 / res(04) / 00:00:01:000 para top(01)
Mensaje D / 00:02:02:001 / top(01) / 00:00:01:000 para Root(00)
Mensaje * / 00:02:03:001 / Root(00) para top(01)
Mensaje * / 00:02:03:001 / top(01) para res(04)
Mensaje Y / 00:02:03:001 / res(04) / level_out /      0.98285 para top(01)
Mensaje Y / 00:02:03:001 / res(04) / low_level_out /      0.00000 para top(01)
Mensaje D / 00:02:03:001 / res(04) / ... para top(01)
Mensaje Y / 00:02:03:001 / top(01) / level /      0.98285 para Root(00)
Mensaje X / 00:02:03:001 / top(01) / level_in /      0.98285 para pump1(02)
Mensaje X / 00:02:03:001 / top(01) / level_in /      0.98285 para pump2(03)
Mensaje X / 00:02:03:001 / top(01) / low_level_in /      0.00000 para pump1(02)
Mensaje X / 00:02:03:001 / top(01) / low_level_in /      0.00000 para pump2(03)
Mensaje D / 00:02:03:001 / pump1(02) / 00:00:01:000 para top(01)
Mensaje D / 00:02:03:001 / pump2(03) / 00:00:01:000 para top(01)
Mensaje D / 00:02:03:001 / pump1(02) / 00:00:10:000 para top(01)
Mensaje D / 00:02:03:001 / pump2(03) / 00:00:10:000 para top(01)
Mensaje D / 00:02:03:001 / top(01) / 00:00:09:000 para Root(00)
Mensaje * / 00:02:12:001 / Root(00) para top(01)
Mensaje * / 00:02:12:001 / top(01) para wpump1(05)
Mensaje Y / 00:02:12:001 / wpump1(05) / flow_out /    175.00000 para top(01)
Mensaje D / 00:02:12:001 / wpump1(05) / 00:00:10:000 para top(01)
Mensaje X / 00:02:12:001 / top(01) / q_in /    175.00000 para res(04)
Mensaje D / 00:02:12:001 / res(04) / 00:00:01:000 para top(01)
Mensaje D / 00:02:12:001 / top(01) / 00:00:01:000 para Root(00)
Mensaje * / 00:02:13:001 / Root(00) para top(01)
Mensaje * / 00:02:13:001 / top(01) para pump1(02)
Mensaje Y / 00:02:13:001 / pump1(02) / flow_out /    475.00000 para top(01)
Mensaje Y / 00:02:13:001 / pump1(02) / state_out /      1.00000 para top(01)
Mensaje D / 00:02:13:001 / pump1(02) / 00:00:10:000 para top(01)
Mensaje Y / 00:02:13:001 / top(01) / flow_out /    475.00000 para Root(00)
Mensaje X / 00:02:13:001 / top(01) / qp_in /    475.00000 para res(04)
Mensaje Y / 00:02:13:001 / top(01) / state_out1 /      1.00000 para Root(00)
Mensaje D / 00:02:13:001 / res(04) / 00:00:01:000 para top(01)
Mensaje D / 00:02:13:001 / top(01) / 00:00:00:000 para Root(00)
Mensaje * / 00:02:13:001 / Root(00) para top(01)
Mensaje * / 00:02:13:001 / top(01) para pump2(03)
Mensaje Y / 00:02:13:001 / pump2(03) / flow_out /    475.00000 para top(01)
Mensaje Y / 00:02:13:001 / pump2(03) / state_out /      1.00000 para top(01)
Mensaje D / 00:02:13:001 / pump2(03) / 00:00:10:000 para top(01)
Mensaje Y / 00:02:13:001 / top(01) / flow_out /    475.00000 para Root(00)
Mensaje X / 00:02:13:001 / top(01) / qp_in /    475.00000 para res(04)
Mensaje Y / 00:02:13:001 / top(01) / state_out2 /      1.00000 para Root(00)
Mensaje D / 00:02:13:001 / res(04) / 00:00:01:000 para top(01)
Mensaje D / 00:02:13:001 / top(01) / 00:00:01:000 para Root(00)
Mensaje * / 00:02:14:001 / Root(00) para top(01)
Mensaje * / 00:02:14:001 / top(01) para res(04)
Mensaje Y / 00:02:14:001 / res(04) / level_out /      0.97510 para top(01)
Mensaje Y / 00:02:14:001 / res(04) / low_level_out /      0.00000 para top(01)
Mensaje D / 00:02:14:001 / res(04) / ... para top(01)
Mensaje Y / 00:02:14:001 / top(01) / level /      0.97510 para Root(00)
Mensaje X / 00:02:14:001 / top(01) / level_in /      0.97510 para pump1(02)
Mensaje X / 00:02:14:001 / top(01) / level_in /      0.97510 para pump2(03)
Mensaje X / 00:02:14:001 / top(01) / low_level_in /      0.00000 para pump1(02)
Mensaje X / 00:02:14:001 / top(01) / low_level_in /      0.00000 para pump2(03)
Mensaje D / 00:02:14:001 / pump1(02) / 00:00:09:000 para top(01)
Mensaje D / 00:02:14:001 / pump2(03) / 00:00:09:000 para top(01)
Mensaje D / 00:02:14:001 / pump1(02) / 00:00:10:000 para top(01)
Mensaje D / 00:02:14:001 / pump2(03) / 00:00:10:000 para top(01)
Mensaje D / 00:02:14:001 / top(01) / 00:00:08:000 para Root(00)
Mensaje * / 00:02:22:001 / Root(00) para top(01)
Mensaje * / 00:02:22:001 / top(01) para wpump1(05)
Mensaje Y / 00:02:22:001 / wpump1(05) / flow_out /    175.00000 para top(01)
Mensaje D / 00:02:22:001 / wpump1(05) / 00:00:10:000 para top(01)
Mensaje X / 00:02:22:001 / top(01) / q_in /    175.00000 para res(04)
Mensaje D / 00:02:22:001 / res(04) / 00:00:01:000 para top(01)
Mensaje D / 00:02:22:001 / top(01) / 00:00:01:000 para Root(00)
Mensaje * / 00:02:23:001 / Root(00) para top(01)
Mensaje * / 00:02:23:001 / top(01) para res(04)
Mensaje Y / 00:02:23:001 / res(04) / level_out /      0.97685 para top(01)
Mensaje Y / 00:02:23:001 / res(04) / low_level_out /      0.00000 para top(01)
Mensaje D / 00:02:23:001 / res(04) / ... para top(01)
Mensaje Y / 00:02:23:001 / top(01) / level /      0.97685 para Root(00)
Mensaje X / 00:02:23:001 / top(01) / level_in /      0.97685 para pump1(02)
Mensaje X / 00:02:23:001 / top(01) / level_in /      0.97685 para pump2(03)
Mensaje X / 00:02:23:001 / top(01) / low_level_in /      0.00000 para pump1(02)
Mensaje X / 00:02:23:001 / top(01) / low_level_in /      0.00000 para pump2(03)
Mensaje D / 00:02:23:001 / pump1(02) / 00:00:01:000 para top(01)
Mensaje D / 00:02:23:001 / pump2(03) / 00:00:01:000 para top(01)
Mensaje D / 00:02:23:001 / pump1(02) / 00:00:10:000 para top(01)
Mensaje D / 00:02:23:001 / pump2(03) / 00:00:10:000 para top(01)
Mensaje D / 00:02:23:001 / top(01) / 00:00:09:000 para Root(00)
Mensaje * / 00:02:32:001 / Root(00) para top(01)
Mensaje * / 00:02:32:001 / top(01) para wpump1(05)
Mensaje Y / 00:02:32:001 / wpump1(05) / flow_out /    175.00000 para top(01)
Mensaje D / 00:02:32:001 / wpump1(05) / 00:00:10:000 para top(01)
Mensaje X / 00:02:32:001 / top(01) / q_in /    175.00000 para res(04)
Mensaje D / 00:02:32:001 / res(04) / 00:00:01:000 para top(01)
Mensaje D / 00:02:32:001 / top(01) / 00:00:01:000 para Root(00)
Mensaje * / 00:02:33:001 / Root(00) para top(01)
Mensaje * / 00:02:33:001 / top(01) para pump1(02)
Mensaje Y / 00:02:33:001 / pump1(02) / flow_out /    475.00000 para top(01)
Mensaje Y / 00:02:33:001 / pump1(02) / state_out /      1.00000 para top(01)
Mensaje D / 00:02:33:001 / pump1(02) / 00:00:10:000 para top(01)
Mensaje Y / 00:02:33:001 / top(01) / flow_out /    475.00000 para Root(00)
Mensaje X / 00:02:33:001 / top(01) / qp_in /    475.00000 para res(04)
Mensaje Y / 00:02:33:001 / top(01) / state_out1 /      1.00000 para Root(00)
Mensaje D / 00:02:33:001 / res(04) / 00:00:01:000 para top(01)
Mensaje D / 00:02:33:001 / top(01) / 00:00:00:000 para Root(00)
Mensaje * / 00:02:33:001 / Root(00) para top(01)
Mensaje * / 00:02:33:001 / top(01) para pump2(03)
Mensaje Y / 00:02:33:001 / pump2(03) / flow_out /    475.00000 para top(01)
Mensaje Y / 00:02:33:001 / pump2(03) / state_out /      1.00000 para top(01)
Mensaje D / 00:02:33:001 / pump2(03) / 00:00:10:000 para top(01)
Mensaje Y / 00:02:33:001 / top(01) / flow_out /    475.00000 para Root(00)
Mensaje X / 00:02:33:001 / top(01) / qp_in /    475.00000 para res(04)
Mensaje Y / 00:02:33:001 / top(01) / state_out2 /      1.00000 para Root(00)
Mensaje D / 00:02:33:001 / res(04) / 00:00:01:000 para top(01)
Mensaje D / 00:02:33:001 / top(01) / 00:00:01:000 para Root(00)
Mensaje * / 00:02:34:001 / Root(00) para top(01)
Mensaje * / 00:02:34:001 / top(01) para res(04)
Mensaje Y / 00:02:34:001 / res(04) / level_out /      0.96910 para top(01)
Mensaje Y / 00:02:34:001 / res(04) / low_level_out /      0.00000 para top(01)
Mensaje D / 00:02:34:001 / res(04) / ... para top(01)
Mensaje Y / 00:02:34:001 / top(01) / level /      0.96910 para Root(00)
Mensaje X / 00:02:34:001 / top(01) / level_in /      0.96910 para pump1(02)
Mensaje X / 00:02:34:001 / top(01) / level_in /      0.96910 para pump2(03)
Mensaje X / 00:02:34:001 / top(01) / low_level_in /      0.00000 para pump1(02)
Mensaje X / 00:02:34:001 / top(01) / low_level_in /      0.00000 para pump2(03)
Mensaje D / 00:02:34:001 / pump1(02) / 00:00:09:000 para top(01)
Mensaje D / 00:02:34:001 / pump2(03) / 00:00:09:000 para top(01)
Mensaje D / 00:02:34:001 / pump1(02) / 00:00:10:000 para top(01)
Mensaje D / 00:02:34:001 / pump2(03) / 00:00:10:000 para top(01)
Mensaje D / 00:02:34:001 / top(01) / 00:00:08:000 para Root(00)
Mensaje * / 00:02:42:001 / Root(00) para top(01)
Mensaje * / 00:02:42:001 / top(01) para wpump1(05)
Mensaje Y / 00:02:42:001 / wpump1(05) / flow_out /    175.00000 para top(01)
Mensaje D / 00:02:42:001 / wpump1(05) / 00:00:10:000 para top(01)
Mensaje X / 00:02:42:001 / top(01) / q_in /    175.00000 para res(04)
Mensaje D / 00:02:42:001 / res(04) / 00:00:01:000 para top(01)
Mensaje D / 00:02:42:001 / top(01) / 00:00:01:000 para Root(00)
Mensaje * / 00:02:43:001 / Root(00) para top(01)
Mensaje * / 00:02:43:001 / top(01) para res(04)
Mensaje Y / 00:02:43:001 / res(04) / level_out /      0.97085 para top(01)
Mensaje Y / 00:02:43:001 / res(04) / low_level_out /      0.00000 para top(01)
Mensaje D / 00:02:43:001 / res(04) / ... para top(01)
Mensaje Y / 00:02:43:001 / top(01) / level /      0.97085 para Root(00)
Mensaje X / 00:02:43:001 / top(01) / level_in /      0.97085 para pump1(02)
Mensaje X / 00:02:43:001 / top(01) / level_in /      0.97085 para pump2(03)
Mensaje X / 00:02:43:001 / top(01) / low_level_in /      0.00000 para pump1(02)
Mensaje X / 00:02:43:001 / top(01) / low_level_in /      0.00000 para pump2(03)
Mensaje D / 00:02:43:001 / pump1(02) / 00:00:01:000 para top(01)
Mensaje D / 00:02:43:001 / pump2(03) / 00:00:01:000 para top(01)
Mensaje D / 00:02:43:001 / pump1(02) / 00:00:10:000 para top(01)
Mensaje D / 00:02:43:001 / pump2(03) / 00:00:10:000 para top(01)
Mensaje D / 00:02:43:001 / top(01) / 00:00:09:000 para Root(00)
Mensaje * / 00:02:52:001 / Root(00) para top(01)
Mensaje * / 00:02:52:001 / top(01) para wpump1(05)
Mensaje Y / 00:02:52:001 / wpump1(05) / flow_out /    175.00000 para top(01)
Mensaje D / 00:02:52:001 / wpump1(05) / 00:00:10:000 para top(01)
Mensaje X / 00:02:52:001 / top(01) / q_in /    175.00000 para res(04)
Mensaje D / 00:02:52:001 / res(04) / 00:00:01:000 para top(01)
Mensaje D / 00:02:52:001 / top(01) / 00:00:01:000 para Root(00)
Mensaje * / 00:02:53:001 / Root(00) para top(01)
Mensaje * / 00:02:53:001 / top(01) para pump1(02)
Mensaje Y / 00:02:53:001 / pump1(02) / flow_out /    475.00000 para top(01)
Mensaje Y / 00:02:53:001 / pump1(02) / state_out /      1.00000 para top(01)
Mensaje D / 00:02:53:001 / pump1(02) / 00:00:10:000 para top(01)
Mensaje Y / 00:02:53:001 / top(01) / flow_out /    475.00000 para Root(00)
Mensaje X / 00:02:53:001 / top(01) / qp_in /    475.00000 para res(04)
Mensaje Y / 00:02:53:001 / top(01) / state_out1 /      1.00000 para Root(00)
Mensaje D / 00:02:53:001 / res(04) / 00:00:01:000 para top(01)
Mensaje D / 00:02:53:001 / top(01) / 00:00:00:000 para Root(00)
Mensaje * / 00:02:53:001 / Root(00) para top(01)
Mensaje * / 00:02:53:001 / top(01) para pump2(03)
Mensaje Y / 00:02:53:001 / pump2(03) / flow_out /    475.00000 para top(01)
Mensaje Y / 00:02:53:001 / pump2(03) / state_out /      1.00000 para top(01)
Mensaje D / 00:02:53:001 / pump2(03) / 00:00:10:000 para top(01)
Mensaje Y / 00:02:53:001 / top(01) / flow_out /    475.00000 para Root(00)
Mensaje X / 00:02:53:001 / top(01) / qp_in /    475.00000 para res(04)
Mensaje Y / 00:02:53:001 / top(01) / state_out2 /      1.00000 para Root(00)
Mensaje D / 00:02:53:001 / res(04) / 00:00:01:000 para top(01)
Mensaje D / 00:02:53:001 / top(01) / 00:00:01:000 para Root(00)
Mensaje * / 00:02:54:001 / Root(00) para top(01)
Mensaje * / 00:02:54:001 / top(01) para res(04)
Mensaje Y / 00:02:54:001 / res(04) / level_out /      0.96310 para top(01)
Mensaje Y / 00:02:54:001 / res(04) / low_level_out /      0.00000 para top(01)
Mensaje D / 00:02:54:001 / res(04) / ... para top(01)
Mensaje Y / 00:02:54:001 / top(01) / level /      0.96310 para Root(00)
Mensaje X / 00:02:54:001 / top(01) / level_in /      0.96310 para pump1(02)
Mensaje X / 00:02:54:001 / top(01) / level_in /      0.96310 para pump2(03)
Mensaje X / 00:02:54:001 / top(01) / low_level_in /      0.00000 para pump1(02)
Mensaje X / 00:02:54:001 / top(01) / low_level_in /      0.00000 para pump2(03)
Mensaje D / 00:02:54:001 / pump1(02) / 00:00:09:000 para top(01)
Mensaje D / 00:02:54:001 / pump2(03) / 00:00:09:000 para top(01)
Mensaje D / 00:02:54:001 / pump1(02) / 00:00:10:000 para top(01)
Mensaje D / 00:02:54:001 / pump2(03) / 00:00:10:000 para top(01)
Mensaje D / 00:02:54:001 / top(01) / 00:00:08:000 para Root(00)
Mensaje * / 00:03:02:001 / Root(00) para top(01)
Mensaje * / 00:03:02:001 / top(01) para wpump1(05)
Mensaje Y / 00:03:02:001 / wpump1(05) / flow_out /    175.00000 para top(01)
Mensaje D / 00:03:02:001 / wpump1(05) / 00:00:10:000 para top(01)
Mensaje X / 00:03:02:001 / top(01) / q_in /    175.00000 para res(04)
Mensaje D / 00:03:02:001 / res(04) / 00:00:01:000 para top(01)
Mensaje D / 00:03:02:001 / top(01) / 00:00:01:000 para Root(00)
Mensaje * / 00:03:03:001 / Root(00) para top(01)
Mensaje * / 00:03:03:001 / top(01) para res(04)
Mensaje Y / 00:03:03:001 / res(04) / level_out /      0.96485 para top(01)
Mensaje Y / 00:03:03:001 / res(04) / low_level_out /      0.00000 para top(01)
Mensaje D / 00:03:03:001 / res(04) / ... para top(01)
Mensaje Y / 00:03:03:001 / top(01) / level /      0.96485 para Root(00)
Mensaje X / 00:03:03:001 / top(01) / level_in /      0.96485 para pump1(02)
Mensaje X / 00:03:03:001 / top(01) / level_in /      0.96485 para pump2(03)
Mensaje X / 00:03:03:001 / top(01) / low_level_in /      0.00000 para pump1(02)
Mensaje X / 00:03:03:001 / top(01) / low_level_in /      0.00000 para pump2(03)
Mensaje D / 00:03:03:001 / pump1(02) / 00:00:01:000 para top(01)
Mensaje D / 00:03:03:001 / pump2(03) / 00:00:01:000 para top(01)
Mensaje D / 00:03:03:001 / pump1(02) / 00:00:10:000 para top(01)
Mensaje D / 00:03:03:001 / pump2(03) / 00:00:10:000 para top(01)
Mensaje D / 00:03:03:001 / top(01) / 00:00:09:000 para Root(00)
Mensaje * / 00:03:12:001 / Root(00) para top(01)
Mensaje * / 00:03:12:001 / top(01) para wpump1(05)
Mensaje Y / 00:03:12:001 / wpump1(05) / flow_out /    175.00000 para top(01)
Mensaje D / 00:03:12:001 / wpump1(05) / 00:00:10:000 para top(01)
Mensaje X / 00:03:12:001 / top(01) / q_in /    175.00000 para res(04)
Mensaje D / 00:03:12:001 / res(04) / 00:00:01:000 para top(01)
Mensaje D / 00:03:12:001 / top(01) / 00:00:01:000 para Root(00)
Mensaje * / 00:03:13:001 / Root(00) para top(01)
Mensaje * / 00:03:13:001 / top(01) para pump1(02)
Mensaje Y / 00:03:13:001 / pump1(02) / flow_out /    475.00000 para top(01)
Mensaje Y / 00:03:13:001 / pump1(02) / state_out /      1.00000 para top(01)
Mensaje D / 00:03:13:001 / pump1(02) / 00:00:10:000 para top(01)
Mensaje Y / 00:03:13:001 / top(01) / flow_out /    475.00000 para Root(00)
Mensaje X / 00:03:13:001 / top(01) / qp_in /    475.00000 para res(04)
Mensaje Y / 00:03:13:001 / top(01) / state_out1 /      1.00000 para Root(00)
Mensaje D / 00:03:13:001 / res(04) / 00:00:01:000 para top(01)
Mensaje D / 00:03:13:001 / top(01) / 00:00:00:000 para Root(00)
Mensaje * / 00:03:13:001 / Root(00) para top(01)
Mensaje * / 00:03:13:001 / top(01) para pump2(03)
Mensaje Y / 00:03:13:001 / pump2(03) / flow_out /    475.00000 para top(01)
Mensaje Y / 00:03:13:001 / pump2(03) / state_out /      1.00000 para top(01)
Mensaje D / 00:03:13:001 / pump2(03) / 00:00:10:000 para top(01)
Mensaje Y / 00:03:13:001 / top(01) / flow_out /    475.00000 para Root(00)
Mensaje X / 00:03:13:001 / top(01) / qp_in /    475.00000 para res(04)
Mensaje Y / 00:03:13:001 / top(01) / state_out2 /      1.00000 para Root(00)
Mensaje D / 00:03:13:001 / res(04) / 00:00:01:000 para top(01)
Mensaje D / 00:03:13:001 / top(01) / 00:00:01:000 para Root(00)
Mensaje * / 00:03:14:001 / Root(00) para top(01)
Mensaje * / 00:03:14:001 / top(01) para res(04)
Mensaje Y / 00:03:14:001 / res(04) / level_out /      0.95710 para top(01)
Mensaje Y / 00:03:14:001 / res(04) / low_level_out /      0.00000 para top(01)
Mensaje D / 00:03:14:001 / res(04) / ... para top(01)
Mensaje Y / 00:03:14:001 / top(01) / level /      0.95710 para Root(00)
Mensaje X / 00:03:14:001 / top(01) / level_in /      0.95710 para pump1(02)
Mensaje X / 00:03:14:001 / top(01) / level_in /      0.95710 para pump2(03)
Mensaje X / 00:03:14:001 / top(01) / low_level_in /      0.00000 para pump1(02)
Mensaje X / 00:03:14:001 / top(01) / low_level_in /      0.00000 para pump2(03)
Mensaje D / 00:03:14:001 / pump1(02) / 00:00:09:000 para top(01)
Mensaje D / 00:03:14:001 / pump2(03) / 00:00:09:000 para top(01)
Mensaje D / 00:03:14:001 / pump1(02) / 00:00:10:000 para top(01)
Mensaje D / 00:03:14:001 / pump2(03) / 00:00:10:000 para top(01)
Mensaje D / 00:03:14:001 / top(01) / 00:00:08:000 para Root(00)
Mensaje * / 00:03:22:001 / Root(00) para top(01)
Mensaje * / 00:03:22:001 / top(01) para wpump1(05)
Mensaje Y / 00:03:22:001 / wpump1(05) / flow_out /    175.00000 para top(01)
Mensaje D / 00:03:22:001 / wpump1(05) / 00:00:10:000 para top(01)
Mensaje X / 00:03:22:001 / top(01) / q_in /    175.00000 para res(04)
Mensaje D / 00:03:22:001 / res(04) / 00:00:01:000 para top(01)
Mensaje D / 00:03:22:001 / top(01) / 00:00:01:000 para Root(00)
Mensaje * / 00:03:23:001 / Root(00) para top(01)
Mensaje * / 00:03:23:001 / top(01) para res(04)
Mensaje Y / 00:03:23:001 / res(04) / level_out /      0.95885 para top(01)
Mensaje Y / 00:03:23:001 / res(04) / low_level_out /      0.00000 para top(01)
Mensaje D / 00:03:23:001 / res(04) / ... para top(01)
Mensaje Y / 00:03:23:001 / top(01) / level /      0.95885 para Root(00)
Mensaje X / 00:03:23:001 / top(01) / level_in /      0.95885 para pump1(02)
Mensaje X / 00:03:23:001 / top(01) / level_in /      0.95885 para pump2(03)
Mensaje X / 00:03:23:001 / top(01) / low_level_in /      0.00000 para pump1(02)
Mensaje X / 00:03:23:001 / top(01) / low_level_in /      0.00000 para pump2(03)
Mensaje D / 00:03:23:001 / pump1(02) / 00:00:01:000 para top(01)
Mensaje D / 00:03:23:001 / pump2(03) / 00:00:01:000 para top(01)
Mensaje D / 00:03:23:001 / pump1(02) / 00:00:10:000 para top(01)
Mensaje D / 00:03:23:001 / pump2(03) / 00:00:10:000 para top(01)
Mensaje D / 00:03:23:001 / top(01) / 00:00:09:000 para Root(00)
Mensaje * / 00:03:32:001 / Root(00) para top(01)
Mensaje * / 00:03:32:001 / top(01) para wpump1(05)
Mensaje Y / 00:03:32:001 / wpump1(05) / flow_out /    175.00000 para top(01)
Mensaje D / 00:03:32:001 / wpump1(05) / 00:00:10:000 para top(01)
Mensaje X / 00:03:32:001 / top(01) / q_in /    175.00000 para res(04)
Mensaje D / 00:03:32:001 / res(04) / 00:00:01:000 para top(01)
Mensaje D / 00:03:32:001 / top(01) / 00:00:01:000 para Root(00)
Mensaje * / 00:03:33:001 / Root(00) para top(01)
Mensaje * / 00:03:33:001 / top(01) para pump1(02)
Mensaje Y / 00:03:33:001 / pump1(02) / flow_out /    475.00000 para top(01)
Mensaje Y / 00:03:33:001 / pump1(02) / state_out /      1.00000 para top(01)
Mensaje D / 00:03:33:001 / pump1(02) / 00:00:10:000 para top(01)
Mensaje Y / 00:03:33:001 / top(01) / flow_out /    475.00000 para Root(00)
Mensaje X / 00:03:33:001 / top(01) / qp_in /    475.00000 para res(04)
Mensaje Y / 00:03:33:001 / top(01) / state_out1 /      1.00000 para Root(00)
Mensaje D / 00:03:33:001 / res(04) / 00:00:01:000 para top(01)
Mensaje D / 00:03:33:001 / top(01) / 00:00:00:000 para Root(00)
Mensaje * / 00:03:33:001 / Root(00) para top(01)
Mensaje * / 00:03:33:001 / top(01) para pump2(03)
Mensaje Y / 00:03:33:001 / pump2(03) / flow_out /    475.00000 para top(01)
Mensaje Y / 00:03:33:001 / pump2(03) / state_out /      1.00000 para top(01)
Mensaje D / 00:03:33:001 / pump2(03) / 00:00:10:000 para top(01)
Mensaje Y / 00:03:33:001 / top(01) / flow_out /    475.00000 para Root(00)
Mensaje X / 00:03:33:001 / top(01) / qp_in /    475.00000 para res(04)
Mensaje Y / 00:03:33:001 / top(01) / state_out2 /      1.00000 para Root(00)
Mensaje D / 00:03:33:001 / res(04) / 00:00:01:000 para top(01)
Mensaje D / 00:03:33:001 / top(01) / 00:00:01:000 para Root(00)
Mensaje * / 00:03:34:001 / Root(00) para top(01)
Mensaje * / 00:03:34:001 / top(01) para res(04)
Mensaje Y / 00:03:34:001 / res(04) / level_out /      0.95110 para top(01)
Mensaje Y / 00:03:34:001 / res(04) / low_level_out /      0.00000 para top(01)
Mensaje D / 00:03:34:001 / res(04) / ... para top(01)
Mensaje Y / 00:03:34:001 / top(01) / level /      0.95110 para Root(00)
Mensaje X / 00:03:34:001 / top(01) / level_in /      0.95110 para pump1(02)
Mensaje X / 00:03:34:001 / top(01) / level_in /      0.95110 para pump2(03)
Mensaje X / 00:03:34:001 / top(01) / low_level_in /      0.00000 para pump1(02)
Mensaje X / 00:03:34:001 / top(01) / low_level_in /      0.00000 para pump2(03)
Mensaje D / 00:03:34:001 / pump1(02) / 00:00:09:000 para top(01)
Mensaje D / 00:03:34:001 / pump2(03) / 00:00:09:000 para top(01)
Mensaje D / 00:03:34:001 / pump1(02) / 00:00:10:000 para top(01)
Mensaje D / 00:03:34:001 / pump2(03) / 00:00:10:000 para top(01)
Mensaje D / 00:03:34:001 / top(01) / 00:00:08:000 para Root(00)
Mensaje * / 00:03:42:001 / Root(00) para top(01)
Mensaje * / 00:03:42:001 / top(01) para wpump1(05)
Mensaje Y / 00:03:42:001 / wpump1(05) / flow_out /    175.00000 para top(01)
Mensaje D / 00:03:42:001 / wpump1(05) / 00:00:10:000 para top(01)
Mensaje X / 00:03:42:001 / top(01) / q_in /    175.00000 para res(04)
Mensaje D / 00:03:42:001 / res(04) / 00:00:01:000 para top(01)
Mensaje D / 00:03:42:001 / top(01) / 00:00:01:000 para Root(00)
Mensaje * / 00:03:43:001 / Root(00) para top(01)
Mensaje * / 00:03:43:001 / top(01) para res(04)
Mensaje Y / 00:03:43:001 / res(04) / level_out /      0.95285 para top(01)
Mensaje Y / 00:03:43:001 / res(04) / low_level_out /      0.00000 para top(01)
Mensaje D / 00:03:43:001 / res(04) / ... para top(01)
Mensaje Y / 00:03:43:001 / top(01) / level /      0.95285 para Root(00)
Mensaje X / 00:03:43:001 / top(01) / level_in /      0.95285 para pump1(02)
Mensaje X / 00:03:43:001 / top(01) / level_in /      0.95285 para pump2(03)
Mensaje X / 00:03:43:001 / top(01) / low_level_in /      0.00000 para pump1(02)
Mensaje X / 00:03:43:001 / top(01) / low_level_in /      0.00000 para pump2(03)
Mensaje D / 00:03:43:001 / pump1(02) / 00:00:01:000 para top(01)
Mensaje D / 00:03:43:001 / pump2(03) / 00:00:01:000 para top(01)
Mensaje D / 00:03:43:001 / pump1(02) / 00:00:10:000 para top(01)
Mensaje D / 00:03:43:001 / pump2(03) / 00:00:10:000 para top(01)
Mensaje D / 00:03:43:001 / top(01) / 00:00:09:000 para Root(00)
Mensaje * / 00:03:52:001 / Root(00) para top(01)
Mensaje * / 00:03:52:001 / top(01) para wpump1(05)
Mensaje Y / 00:03:52:001 / wpump1(05) / flow_out /    175.00000 para top(01)
Mensaje D / 00:03:52:001 / wpump1(05) / 00:00:10:000 para top(01)
Mensaje X / 00:03:52:001 / top(01) / q_in /    175.00000 para res(04)
Mensaje D / 00:03:52:001 / res(04) / 00:00:01:000 para top(01)
Mensaje D / 00:03:52:001 / top(01) / 00:00:01:000 para Root(00)
Mensaje * / 00:03:53:001 / Root(00) para top(01)
Mensaje * / 00:03:53:001 / top(01) para pump1(02)
Mensaje Y / 00:03:53:001 / pump1(02) / flow_out /    475.00000 para top(01)
Mensaje Y / 00:03:53:001 / pump1(02) / state_out /      1.00000 para top(01)
Mensaje D / 00:03:53:001 / pump1(02) / 00:00:10:000 para top(01)
Mensaje Y / 00:03:53:001 / top(01) / flow_out /    475.00000 para Root(00)
Mensaje X / 00:03:53:001 / top(01) / qp_in /    475.00000 para res(04)
Mensaje Y / 00:03:53:001 / top(01) / state_out1 /      1.00000 para Root(00)
Mensaje D / 00:03:53:001 / res(04) / 00:00:01:000 para top(01)
Mensaje D / 00:03:53:001 / top(01) / 00:00:00:000 para Root(00)
Mensaje * / 00:03:53:001 / Root(00) para top(01)
Mensaje * / 00:03:53:001 / top(01) para pump2(03)
Mensaje Y / 00:03:53:001 / pump2(03) / flow_out /    475.00000 para top(01)
Mensaje Y / 00:03:53:001 / pump2(03) / state_out /      1.00000 para top(01)
Mensaje D / 00:03:53:001 / pump2(03) / 00:00:10:000 para top(01)
Mensaje Y / 00:03:53:001 / top(01) / flow_out /    475.00000 para Root(00)
Mensaje X / 00:03:53:001 / top(01) / qp_in /    475.00000 para res(04)
Mensaje Y / 00:03:53:001 / top(01) / state_out2 /      1.00000 para Root(00)
Mensaje D / 00:03:53:001 / res(04) / 00:00:01:000 para top(01)
Mensaje D / 00:03:53:001 / top(01) / 00:00:01:000 para Root(00)
Mensaje * / 00:03:54:001 / Root(00) para top(01)
Mensaje * / 00:03:54:001 / top(01) para res(04)
Mensaje Y / 00:03:54:001 / res(04) / level_out /      0.94510 para top(01)
Mensaje Y / 00:03:54:001 / res(04) / low_level_out /      0.00000 para top(01)
Mensaje D / 00:03:54:001 / res(04) / ... para top(01)
Mensaje Y / 00:03:54:001 / top(01) / level /      0.94510 para Root(00)
Mensaje X / 00:03:54:001 / top(01) / level_in /      0.94510 para pump1(02)
Mensaje X / 00:03:54:001 / top(01) / level_in /      0.94510 para pump2(03)
Mensaje X / 00:03:54:001 / top(01) / low_level_in /      0.00000 para pump1(02)
Mensaje X / 00:03:54:001 / top(01) / low_level_in /      0.00000 para pump2(03)
Mensaje D / 00:03:54:001 / pump1(02) / 00:00:09:000 para top(01)
Mensaje D / 00:03:54:001 / pump2(03) / 00:00:09:000 para top(01)
Mensaje D / 00:03:54:001 / pump1(02) / 00:00:10:000 para top(01)
Mensaje D / 00:03:54:001 / pump2(03) / 00:00:10:000 para top(01)
Mensaje D / 00:03:54:001 / top(01) / 00:00:08:000 para Root(00)
Mensaje * / 00:04:02:001 / Root(00) para top(01)
Mensaje * / 00:04:02:001 / top(01) para wpump1(05)
Mensaje Y / 00:04:02:001 / wpump1(05) / flow_out /    175.00000 para top(01)
Mensaje D / 00:04:02:001 / wpump1(05) / 00:00:10:000 para top(01)
Mensaje X / 00:04:02:001 / top(01) / q_in /    175.00000 para res(04)
Mensaje D / 00:04:02:001 / res(04) / 00:00:01:000 para top(01)
Mensaje D / 00:04:02:001 / top(01) / 00:00:01:000 para Root(00)
Mensaje * / 00:04:03:001 / Root(00) para top(01)
Mensaje * / 00:04:03:001 / top(01) para res(04)
Mensaje Y / 00:04:03:001 / res(04) / level_out /      0.94685 para top(01)
Mensaje Y / 00:04:03:001 / res(04) / low_level_out /      0.00000 para top(01)
Mensaje D / 00:04:03:001 / res(04) / ... para top(01)
Mensaje Y / 00:04:03:001 / top(01) / level /      0.94685 para Root(00)
Mensaje X / 00:04:03:001 / top(01) / level_in /      0.94685 para pump1(02)
Mensaje X / 00:04:03:001 / top(01) / level_in /      0.94685 para pump2(03)
Mensaje X / 00:04:03:001 / top(01) / low_level_in /      0.00000 para pump1(02)
Mensaje X / 00:04:03:001 / top(01) / low_level_in /      0.00000 para pump2(03)
Mensaje D / 00:04:03:001 / pump1(02) / 00:00:01:000 para top(01)
Mensaje D / 00:04:03:001 / pump2(03) / 00:00:01:000 para top(01)
Mensaje D / 00:04:03:001 / pump1(02) / 00:00:10:000 para top(01)
Mensaje D / 00:04:03:001 / pump2(03) / 00:00:10:000 para top(01)
Mensaje D / 00:04:03:001 / top(01) / 00:00:09:000 para Root(00)
Mensaje * / 00:04:12:001 / Root(00) para top(01)
Mensaje * / 00:04:12:001 / top(01) para wpump1(05)
Mensaje Y / 00:04:12:001 / wpump1(05) / flow_out /    175.00000 para top(01)
Mensaje D / 00:04:12:001 / wpump1(05) / 00:00:10:000 para top(01)
Mensaje X / 00:04:12:001 / top(01) / q_in /    175.00000 para res(04)
Mensaje D / 00:04:12:001 / res(04) / 00:00:01:000 para top(01)
Mensaje D / 00:04:12:001 / top(01) / 00:00:01:000 para Root(00)
Mensaje * / 00:04:13:001 / Root(00) para top(01)
Mensaje * / 00:04:13:001 / top(01) para pump1(02)
Mensaje Y / 00:04:13:001 / pump1(02) / flow_out /    475.00000 para top(01)
Mensaje Y / 00:04:13:001 / pump1(02) / state_out /      1.00000 para top(01)
Mensaje D / 00:04:13:001 / pump1(02) / 00:00:10:000 para top(01)
Mensaje Y / 00:04:13:001 / top(01) / flow_out /    475.00000 para Root(00)
Mensaje X / 00:04:13:001 / top(01) / qp_in /    475.00000 para res(04)
Mensaje Y / 00:04:13:001 / top(01) / state_out1 /      1.00000 para Root(00)
Mensaje D / 00:04:13:001 / res(04) / 00:00:01:000 para top(01)
Mensaje D / 00:04:13:001 / top(01) / 00:00:00:000 para Root(00)
Mensaje * / 00:04:13:001 / Root(00) para top(01)
Mensaje * / 00:04:13:001 / top(01) para pump2(03)
Mensaje Y / 00:04:13:001 / pump2(03) / flow_out /    475.00000 para top(01)
Mensaje Y / 00:04:13:001 / pump2(03) / state_out /      1.00000 para top(01)
Mensaje D / 00:04:13:001 / pump2(03) / 00:00:10:000 para top(01)
Mensaje Y / 00:04:13:001 / top(01) / flow_out /    475.00000 para Root(00)
Mensaje X / 00:04:13:001 / top(01) / qp_in /    475.00000 para res(04)
Mensaje Y / 00:04:13:001 / top(01) / state_out2 /      1.00000 para Root(00)
Mensaje D / 00:04:13:001 / res(04) / 00:00:01:000 para top(01)
Mensaje D / 00:04:13:001 / top(01) / 00:00:01:000 para Root(00)
Mensaje * / 00:04:14:001 / Root(00) para top(01)
Mensaje * / 00:04:14:001 / top(01) para res(04)
Mensaje Y / 00:04:14:001 / res(04) / level_out /      0.93910 para top(01)
Mensaje Y / 00:04:14:001 / res(04) / low_level_out /      0.00000 para top(01)
Mensaje D / 00:04:14:001 / res(04) / ... para top(01)
Mensaje Y / 00:04:14:001 / top(01) / level /      0.93910 para Root(00)
Mensaje X / 00:04:14:001 / top(01) / level_in /      0.93910 para pump1(02)
Mensaje X / 00:04:14:001 / top(01) / level_in /      0.93910 para pump2(03)
Mensaje X / 00:04:14:001 / top(01) / low_level_in /      0.00000 para pump1(02)
Mensaje X / 00:04:14:001 / top(01) / low_level_in /      0.00000 para pump2(03)
Mensaje D / 00:04:14:001 / pump1(02) / 00:00:09:000 para top(01)
Mensaje D / 00:04:14:001 / pump2(03) / 00:00:09:000 para top(01)
Mensaje D / 00:04:14:001 / pump1(02) / 00:00:10:000 para top(01)
Mensaje D / 00:04:14:001 / pump2(03) / 00:00:10:000 para top(01)
Mensaje D / 00:04:14:001 / top(01) / 00:00:08:000 para Root(00)
Mensaje * / 00:04:22:001 / Root(00) para top(01)
Mensaje * / 00:04:22:001 / top(01) para wpump1(05)
Mensaje Y / 00:04:22:001 / wpump1(05) / flow_out /    175.00000 para top(01)
Mensaje D / 00:04:22:001 / wpump1(05) / 00:00:10:000 para top(01)
Mensaje X / 00:04:22:001 / top(01) / q_in /    175.00000 para res(04)
Mensaje D / 00:04:22:001 / res(04) / 00:00:01:000 para top(01)
Mensaje D / 00:04:22:001 / top(01) / 00:00:01:000 para Root(00)
Mensaje * / 00:04:23:001 / Root(00) para top(01)
Mensaje * / 00:04:23:001 / top(01) para res(04)
Mensaje Y / 00:04:23:001 / res(04) / level_out /      0.94085 para top(01)
Mensaje Y / 00:04:23:001 / res(04) / low_level_out /      0.00000 para top(01)
Mensaje D / 00:04:23:001 / res(04) / ... para top(01)
Mensaje Y / 00:04:23:001 / top(01) / level /      0.94085 para Root(00)
Mensaje X / 00:04:23:001 / top(01) / level_in /      0.94085 para pump1(02)
Mensaje X / 00:04:23:001 / top(01) / level_in /      0.94085 para pump2(03)
Mensaje X / 00:04:23:001 / top(01) / low_level_in /      0.00000 para pump1(02)
Mensaje X / 00:04:23:001 / top(01) / low_level_in /      0.00000 para pump2(03)
Mensaje D / 00:04:23:001 / pump1(02) / 00:00:01:000 para top(01)
Mensaje D / 00:04:23:001 / pump2(03) / 00:00:01:000 para top(01)
Mensaje D / 00:04:23:001 / pump1(02) / 00:00:10:000 para top(01)
Mensaje D / 00:04:23:001 / pump2(03) / 00:00:10:000 para top(01)
Mensaje D / 00:04:23:001 / top(01) / 00:00:09:000 para Root(00)
Mensaje * / 00:04:32:001 / Root(00) para top(01)
Mensaje * / 00:04:32:001 / top(01) para wpump1(05)
Mensaje Y / 00:04:32:001 / wpump1(05) / flow_out /    175.00000 para top(01)
Mensaje D / 00:04:32:001 / wpump1(05) / 00:00:10:000 para top(01)
Mensaje X / 00:04:32:001 / top(01) / q_in /    175.00000 para res(04)
Mensaje D / 00:04:32:001 / res(04) / 00:00:01:000 para top(01)
Mensaje D / 00:04:32:001 / top(01) / 00:00:01:000 para Root(00)
Mensaje * / 00:04:33:001 / Root(00) para top(01)
Mensaje * / 00:04:33:001 / top(01) para pump1(02)
Mensaje Y / 00:04:33:001 / pump1(02) / flow_out /    475.00000 para top(01)
Mensaje Y / 00:04:33:001 / pump1(02) / state_out /      1.00000 para top(01)
Mensaje D / 00:04:33:001 / pump1(02) / 00:00:10:000 para top(01)
Mensaje Y / 00:04:33:001 / top(01) / flow_out /    475.00000 para Root(00)
Mensaje X / 00:04:33:001 / top(01) / qp_in /    475.00000 para res(04)
Mensaje Y / 00:04:33:001 / top(01) / state_out1 /      1.00000 para Root(00)
Mensaje D / 00:04:33:001 / res(04) / 00:00:01:000 para top(01)
Mensaje D / 00:04:33:001 / top(01) / 00:00:00:000 para Root(00)
Mensaje * / 00:04:33:001 / Root(00) para top(01)
Mensaje * / 00:04:33:001 / top(01) para pump2(03)
Mensaje Y / 00:04:33:001 / pump2(03) / flow_out /    475.00000 para top(01)
Mensaje Y / 00:04:33:001 / pump2(03) / state_out /      1.00000 para top(01)
Mensaje D / 00:04:33:001 / pump2(03) / 00:00:10:000 para top(01)
Mensaje Y / 00:04:33:001 / top(01) / flow_out /    475.00000 para Root(00)
Mensaje X / 00:04:33:001 / top(01) / qp_in /    475.00000 para res(04)
Mensaje Y / 00:04:33:001 / top(01) / state_out2 /      1.00000 para Root(00)
Mensaje D / 00:04:33:001 / res(04) / 00:00:01:000 para top(01)
Mensaje D / 00:04:33:001 / top(01) / 00:00:01:000 para Root(00)
Mensaje * / 00:04:34:001 / Root(00) para top(01)
Mensaje * / 00:04:34:001 / top(01) para res(04)
Mensaje Y / 00:04:34:001 / res(04) / level_out /      0.93310 para top(01)
Mensaje Y / 00:04:34:001 / res(04) / low_level_out /      0.00000 para top(01)
Mensaje D / 00:04:34:001 / res(04) / ... para top(01)
Mensaje Y / 00:04:34:001 / top(01) / level /      0.93310 para Root(00)
Mensaje X / 00:04:34:001 / top(01) / level_in /      0.93310 para pump1(02)
Mensaje X / 00:04:34:001 / top(01) / level_in /      0.93310 para pump2(03)
Mensaje X / 00:04:34:001 / top(01) / low_level_in /      0.00000 para pump1(02)
Mensaje X / 00:04:34:001 / top(01) / low_level_in /      0.00000 para pump2(03)
Mensaje D / 00:04:34:001 / pump1(02) / 00:00:09:000 para top(01)
Mensaje D / 00:04:34:001 / pump2(03) / 00:00:09:000 para top(01)
Mensaje D / 00:04:34:001 / pump1(02) / 00:00:10:000 para top(01)
Mensaje D / 00:04:34:001 / pump2(03) / 00:00:10:000 para top(01)
Mensaje D / 00:04:34:001 / top(01) / 00:00:08:000 para Root(00)
Mensaje * / 00:04:42:001 / Root(00) para top(01)
Mensaje * / 00:04:42:001 / top(01) para wpump1(05)
Mensaje Y / 00:04:42:001 / wpump1(05) / flow_out /    175.00000 para top(01)
Mensaje D / 00:04:42:001 / wpump1(05) / 00:00:10:000 para top(01)
Mensaje X / 00:04:42:001 / top(01) / q_in /    175.00000 para res(04)
Mensaje D / 00:04:42:001 / res(04) / 00:00:01:000 para top(01)
Mensaje D / 00:04:42:001 / top(01) / 00:00:01:000 para Root(00)
Mensaje * / 00:04:43:001 / Root(00) para top(01)
Mensaje * / 00:04:43:001 / top(01) para res(04)
Mensaje Y / 00:04:43:001 / res(04) / level_out /      0.93485 para top(01)
Mensaje Y / 00:04:43:001 / res(04) / low_level_out /      0.00000 para top(01)
Mensaje D / 00:04:43:001 / res(04) / ... para top(01)
Mensaje Y / 00:04:43:001 / top(01) / level /      0.93485 para Root(00)
Mensaje X / 00:04:43:001 / top(01) / level_in /      0.93485 para pump1(02)
Mensaje X / 00:04:43:001 / top(01) / level_in /      0.93485 para pump2(03)
Mensaje X / 00:04:43:001 / top(01) / low_level_in /      0.00000 para pump1(02)
Mensaje X / 00:04:43:001 / top(01) / low_level_in /      0.00000 para pump2(03)
Mensaje D / 00:04:43:001 / pump1(02) / 00:00:01:000 para top(01)
Mensaje D / 00:04:43:001 / pump2(03) / 00:00:01:000 para top(01)
Mensaje D / 00:04:43:001 / pump1(02) / 00:00:10:000 para top(01)
Mensaje D / 00:04:43:001 / pump2(03) / 00:00:10:000 para top(01)
Mensaje D / 00:04:43:001 / top(01) / 00:00:09:000 para Root(00)
Mensaje * / 00:04:52:001 / Root(00) para top(01)
Mensaje * / 00:04:52:001 / top(01) para wpump1(05)
Mensaje Y / 00:04:52:001 / wpump1(05) / flow_out /    175.00000 para top(01)
Mensaje D / 00:04:52:001 / wpump1(05) / 00:00:10:000 para top(01)
Mensaje X / 00:04:52:001 / top(01) / q_in /    175.00000 para res(04)
Mensaje D / 00:04:52:001 / res(04) / 00:00:01:000 para top(01)
Mensaje D / 00:04:52:001 / top(01) / 00:00:01:000 para Root(00)
Mensaje * / 00:04:53:001 / Root(00) para top(01)
Mensaje * / 00:04:53:001 / top(01) para pump1(02)
Mensaje Y / 00:04:53:001 / pump1(02) / flow_out /    475.00000 para top(01)
Mensaje Y / 00:04:53:001 / pump1(02) / state_out /      1.00000 para top(01)
Mensaje D / 00:04:53:001 / pump1(02) / 00:00:10:000 para top(01)
Mensaje Y / 00:04:53:001 / top(01) / flow_out /    475.00000 para Root(00)
Mensaje X / 00:04:53:001 / top(01) / qp_in /    475.00000 para res(04)
Mensaje Y / 00:04:53:001 / top(01) / state_out1 /      1.00000 para Root(00)
Mensaje D / 00:04:53:001 / res(04) / 00:00:01:000 para top(01)
Mensaje D / 00:04:53:001 / top(01) / 00:00:00:000 para Root(00)
Mensaje * / 00:04:53:001 / Root(00) para top(01)
Mensaje * / 00:04:53:001 / top(01) para pump2(03)
Mensaje Y / 00:04:53:001 / pump2(03) / flow_out /    475.00000 para top(01)
Mensaje Y / 00:04:53:001 / pump2(03) / state_out /      1.00000 para top(01)
Mensaje D / 00:04:53:001 / pump2(03) / 00:00:10:000 para top(01)
Mensaje Y / 00:04:53:001 / top(01) / flow_out /    475.00000 para Root(00)
Mensaje X / 00:04:53:001 / top(01) / qp_in /    475.00000 para res(04)
Mensaje Y / 00:04:53:001 / top(01) / state_out2 /      1.00000 para Root(00)
Mensaje D / 00:04:53:001 / res(04) / 00:00:01:000 para top(01)
Mensaje D / 00:04:53:001 / top(01) / 00:00:01:000 para Root(00)
Mensaje * / 00:04:54:001 / Root(00) para top(01)
Mensaje * / 00:04:54:001 / top(01) para res(04)
Mensaje Y / 00:04:54:001 / res(04) / level_out /      0.92710 para top(01)
Mensaje Y / 00:04:54:001 / res(04) / low_level_out /      0.00000 para top(01)
Mensaje D / 00:04:54:001 / res(04) / ... para top(01)
Mensaje Y / 00:04:54:001 / top(01) / level /      0.92710 para Root(00)
Mensaje X / 00:04:54:001 / top(01) / level_in /      0.92710 para pump1(02)
Mensaje X / 00:04:54:001 / top(01) / level_in /      0.92710 para pump2(03)
Mensaje X / 00:04:54:001 / top(01) / low_level_in /      0.00000 para pump1(02)
Mensaje X / 00:04:54:001 / top(01) / low_level_in /      0.00000 para pump2(03)
Mensaje D / 00:04:54:001 / pump1(02) / 00:00:09:000 para top(01)
Mensaje D / 00:04:54:001 / pump2(03) / 00:00:09:000 para top(01)
Mensaje D / 00:04:54:001 / pump1(02) / 00:00:10:000 para top(01)
Mensaje D / 00:04:54:001 / pump2(03) / 00:00:10:000 para top(01)
Mensaje D / 00:04:54:001 / top(01) / 00:00:08:000 para Root(00)
