Mensaje I / 00:00:00:000 / Root(00) para top(01)
Mensaje I / 00:00:00:000 / top(01) para pump1(02)
Mensaje I / 00:00:00:000 / top(01) para pump2(03)
Mensaje D / 00:00:00:000 / pump1(02) / ... para top(01)
Mensaje D / 00:00:00:000 / pump2(03) / ... para top(01)
Mensaje D / 00:00:00:000 / top(01) / ... para Root(00)
Mensaje X / 00:00:00:050 / Root(00) / power_in /      1.00000 para top(01)
Mensaje X / 00:00:00:050 / top(01) / power_in /      1.00000 para pump1(02)
Mensaje X / 00:00:00:050 / top(01) / power_in /      1.00000 para pump2(03)
Mensaje D / 00:00:00:050 / pump1(02) / ... para top(01)
Mensaje D / 00:00:00:050 / pump2(03) / ... para top(01)
Mensaje D / 00:00:00:050 / top(01) / ... para Root(00)
Mensaje X / 00:00:01:000 / Root(00) / level_in /      2.30000 para top(01)
Mensaje X / 00:00:01:000 / top(01) / level_in /      2.30000 para pump1(02)
Mensaje X / 00:00:01:000 / top(01) / level_in /      2.30000 para pump2(03)
Mensaje D / 00:00:01:000 / pump1(02) / ... para top(01)
Mensaje D / 00:00:01:000 / pump2(03) / ... para top(01)
Mensaje D / 00:00:01:000 / top(01) / ... para Root(00)
Mensaje X / 00:00:10:000 / Root(00) / start_in1 /      1.00000 para top(01)
Mensaje X / 00:00:10:000 / top(01) / start_in /      1.00000 para pump1(02)
Mensaje D / 00:00:10:000 / pump1(02) / 00:00:10:000 para top(01)
Mensaje D / 00:00:10:000 / top(01) / 00:00:10:000 para Root(00)
Mensaje * / 00:00:20:000 / Root(00) para top(01)
Mensaje * / 00:00:20:000 / top(01) para pump1(02)
Mensaje Y / 00:00:20:000 / pump1(02) / flow_out /    250.00000 para top(01)
Mensaje Y / 00:00:20:000 / pump1(02) / state_out /      1.00000 para top(01)
Mensaje D / 00:00:20:000 / pump1(02) / 00:00:10:000 para top(01)
Mensaje Y / 00:00:20:000 / top(01) / flow_out /    250.00000 para Root(00)
Mensaje Y / 00:00:20:000 / top(01) / state_out1 /      1.00000 para Root(00)
Mensaje D / 00:00:20:000 / top(01) / 00:00:10:000 para Root(00)
Mensaje * / 00:00:30:000 / Root(00) para top(01)
Mensaje * / 00:00:30:000 / top(01) para pump1(02)
Mensaje Y / 00:00:30:000 / pump1(02) / flow_out /    250.00000 para top(01)
Mensaje Y / 00:00:30:000 / pump1(02) / state_out /      1.00000 para top(01)
Mensaje D / 00:00:30:000 / pump1(02) / 00:00:10:000 para top(01)
Mensaje Y / 00:00:30:000 / top(01) / flow_out /    250.00000 para Root(00)
Mensaje Y / 00:00:30:000 / top(01) / state_out1 /      1.00000 para Root(00)
Mensaje D / 00:00:30:000 / top(01) / 00:00:10:000 para Root(00)
Mensaje * / 00:00:40:000 / Root(00) para top(01)
Mensaje * / 00:00:40:000 / top(01) para pump1(02)
Mensaje Y / 00:00:40:000 / pump1(02) / flow_out /    250.00000 para top(01)
Mensaje Y / 00:00:40:000 / pump1(02) / state_out /      1.00000 para top(01)
Mensaje D / 00:00:40:000 / pump1(02) / 00:00:10:000 para top(01)
Mensaje Y / 00:00:40:000 / top(01) / flow_out /    250.00000 para Root(00)
Mensaje Y / 00:00:40:000 / top(01) / state_out1 /      1.00000 para Root(00)
Mensaje D / 00:00:40:000 / top(01) / 00:00:10:000 para Root(00)
Mensaje * / 00:00:50:000 / Root(00) para top(01)
Mensaje * / 00:00:50:000 / top(01) para pump1(02)
Mensaje Y / 00:00:50:000 / pump1(02) / flow_out /    250.00000 para top(01)
Mensaje Y / 00:00:50:000 / pump1(02) / state_out /      1.00000 para top(01)
Mensaje D / 00:00:50:000 / pump1(02) / 00:00:10:000 para top(01)
Mensaje Y / 00:00:50:000 / top(01) / flow_out /    250.00000 para Root(00)
Mensaje Y / 00:00:50:000 / top(01) / state_out1 /      1.00000 para Root(00)
Mensaje D / 00:00:50:000 / top(01) / 00:00:10:000 para Root(00)
Mensaje X / 00:01:00:000 / Root(00) / start_in2 /      1.00000 para top(01)
Mensaje X / 00:01:00:000 / top(01) / start_in /      1.00000 para pump2(03)
Mensaje D / 00:01:00:000 / pump2(03) / 00:00:10:000 para top(01)
Mensaje D / 00:01:00:000 / top(01) / 00:00:00:000 para Root(00)
Mensaje * / 00:01:00:000 / Root(00) para top(01)
Mensaje * / 00:01:00:000 / top(01) para pump1(02)
Mensaje Y / 00:01:00:000 / pump1(02) / flow_out /    450.00000 para top(01)
Mensaje Y / 00:01:00:000 / pump1(02) / state_out /      1.00000 para top(01)
Mensaje D / 00:01:00:000 / pump1(02) / 00:00:10:000 para top(01)
Mensaje Y / 00:01:00:000 / top(01) / flow_out /    450.00000 para Root(00)
Mensaje Y / 00:01:00:000 / top(01) / state_out1 /      1.00000 para Root(00)
Mensaje D / 00:01:00:000 / top(01) / 00:00:10:000 para Root(00)
Mensaje * / 00:01:10:000 / Root(00) para top(01)
Mensaje * / 00:01:10:000 / top(01) para pump1(02)
Mensaje Y / 00:01:10:000 / pump1(02) / flow_out /    450.00000 para top(01)
Mensaje Y / 00:01:10:000 / pump1(02) / state_out /      1.00000 para top(01)
Mensaje D / 00:01:10:000 / pump1(02) / 00:00:10:000 para top(01)
Mensaje Y / 00:01:10:000 / top(01) / flow_out /    450.00000 para Root(00)
Mensaje Y / 00:01:10:000 / top(01) / state_out1 /      1.00000 para Root(00)
Mensaje D / 00:01:10:000 / top(01) / 00:00:00:000 para Root(00)
Mensaje * / 00:01:10:000 / Root(00) para top(01)
Mensaje * / 00:01:10:000 / top(01) para pump2(03)
Mensaje Y / 00:01:10:000 / pump2(03) / flow_out /    450.00000 para top(01)
Mensaje Y / 00:01:10:000 / pump2(03) / state_out /      1.00000 para top(01)
Mensaje D / 00:01:10:000 / pump2(03) / 00:00:10:000 para top(01)
Mensaje Y / 00:01:10:000 / top(01) / flow_out /    450.00000 para Root(00)
Mensaje Y / 00:01:10:000 / top(01) / state_out2 /      1.00000 para Root(00)
Mensaje D / 00:01:10:000 / top(01) / 00:00:10:000 para Root(00)
Mensaje * / 00:01:20:000 / Root(00) para top(01)
Mensaje * / 00:01:20:000 / top(01) para pump1(02)
Mensaje Y / 00:01:20:000 / pump1(02) / flow_out /    450.00000 para top(01)
Mensaje Y / 00:01:20:000 / pump1(02) / state_out /      1.00000 para top(01)
Mensaje D / 00:01:20:000 / pump1(02) / 00:00:10:000 para top(01)
Mensaje Y / 00:01:20:000 / top(01) / flow_out /    450.00000 para Root(00)
Mensaje Y / 00:01:20:000 / top(01) / state_out1 /      1.00000 para Root(00)
Mensaje D / 00:01:20:000 / top(01) / 00:00:00:000 para Root(00)
Mensaje * / 00:01:20:000 / Root(00) para top(01)
Mensaje * / 00:01:20:000 / top(01) para pump2(03)
Mensaje Y / 00:01:20:000 / pump2(03) / flow_out /    450.00000 para top(01)
Mensaje Y / 00:01:20:000 / pump2(03) / state_out /      1.00000 para top(01)
Mensaje D / 00:01:20:000 / pump2(03) / 00:00:10:000 para top(01)
Mensaje Y / 00:01:20:000 / top(01) / flow_out /    450.00000 para Root(00)
Mensaje Y / 00:01:20:000 / top(01) / state_out2 /      1.00000 para Root(00)
Mensaje D / 00:01:20:000 / top(01) / 00:00:10:000 para Root(00)
Mensaje * / 00:01:30:000 / Root(00) para top(01)
Mensaje * / 00:01:30:000 / top(01) para pump1(02)
Mensaje Y / 00:01:30:000 / pump1(02) / flow_out /    450.00000 para top(01)
Mensaje Y / 00:01:30:000 / pump1(02) / state_out /      1.00000 para top(01)
Mensaje D / 00:01:30:000 / pump1(02) / 00:00:10:000 para top(01)
Mensaje Y / 00:01:30:000 / top(01) / flow_out /    450.00000 para Root(00)
Mensaje Y / 00:01:30:000 / top(01) / state_out1 /      1.00000 para Root(00)
Mensaje D / 00:01:30:000 / top(01) / 00:00:00:000 para Root(00)
Mensaje * / 00:01:30:000 / Root(00) para top(01)
Mensaje * / 00:01:30:000 / top(01) para pump2(03)
Mensaje Y / 00:01:30:000 / pump2(03) / flow_out /    450.00000 para top(01)
Mensaje Y / 00:01:30:000 / pump2(03) / state_out /      1.00000 para top(01)
Mensaje D / 00:01:30:000 / pump2(03) / 00:00:10:000 para top(01)
Mensaje Y / 00:01:30:000 / top(01) / flow_out /    450.00000 para Root(00)
Mensaje Y / 00:01:30:000 / top(01) / state_out2 /      1.00000 para Root(00)
Mensaje D / 00:01:30:000 / top(01) / 00:00:10:000 para Root(00)
Mensaje * / 00:01:40:000 / Root(00) para top(01)
Mensaje * / 00:01:40:000 / top(01) para pump1(02)
Mensaje Y / 00:01:40:000 / pump1(02) / flow_out /    450.00000 para top(01)
Mensaje Y / 00:01:40:000 / pump1(02) / state_out /      1.00000 para top(01)
Mensaje D / 00:01:40:000 / pump1(02) / 00:00:10:000 para top(01)
Mensaje Y / 00:01:40:000 / top(01) / flow_out /    450.00000 para Root(00)
Mensaje Y / 00:01:40:000 / top(01) / state_out1 /      1.00000 para Root(00)
Mensaje D / 00:01:40:000 / top(01) / 00:00:00:000 para Root(00)
Mensaje * / 00:01:40:000 / Root(00) para top(01)
Mensaje * / 00:01:40:000 / top(01) para pump2(03)
Mensaje Y / 00:01:40:000 / pump2(03) / flow_out /    450.00000 para top(01)
Mensaje Y / 00:01:40:000 / pump2(03) / state_out /      1.00000 para top(01)
Mensaje D / 00:01:40:000 / pump2(03) / 00:00:10:000 para top(01)
Mensaje Y / 00:01:40:000 / top(01) / flow_out /    450.00000 para Root(00)
Mensaje Y / 00:01:40:000 / top(01) / state_out2 /      1.00000 para Root(00)
Mensaje D / 00:01:40:000 / top(01) / 00:00:10:000 para Root(00)
Mensaje * / 00:01:50:000 / Root(00) para top(01)
Mensaje * / 00:01:50:000 / top(01) para pump1(02)
Mensaje Y / 00:01:50:000 / pump1(02) / flow_out /    450.00000 para top(01)
Mensaje Y / 00:01:50:000 / pump1(02) / state_out /      1.00000 para top(01)
Mensaje D / 00:01:50:000 / pump1(02) / 00:00:10:000 para top(01)
Mensaje Y / 00:01:50:000 / top(01) / flow_out /    450.00000 para Root(00)
Mensaje Y / 00:01:50:000 / top(01) / state_out1 /      1.00000 para Root(00)
Mensaje D / 00:01:50:000 / top(01) / 00:00:00:000 para Root(00)
Mensaje * / 00:01:50:000 / Root(00) para top(01)
Mensaje * / 00:01:50:000 / top(01) para pump2(03)
Mensaje Y / 00:01:50:000 / pump2(03) / flow_out /    450.00000 para top(01)
Mensaje Y / 00:01:50:000 / pump2(03) / state_out /      1.00000 para top(01)
Mensaje D / 00:01:50:000 / pump2(03) / 00:00:10:000 para top(01)
Mensaje Y / 00:01:50:000 / top(01) / flow_out /    450.00000 para Root(00)
Mensaje Y / 00:01:50:000 / top(01) / state_out2 /      1.00000 para Root(00)
Mensaje D / 00:01:50:000 / top(01) / 00:00:10:000 para Root(00)
Mensaje X / 00:02:00:000 / Root(00) / low_level_in /      1.00000 para top(01)
Mensaje X / 00:02:00:000 / top(01) / low_level_in /      1.00000 para pump1(02)
Mensaje X / 00:02:00:000 / top(01) / low_level_in /      1.00000 para pump2(03)
Mensaje D / 00:02:00:000 / pump1(02) / 00:00:10:000 para top(01)
Mensaje D / 00:02:00:000 / pump2(03) / 00:00:10:000 para top(01)
Mensaje D / 00:02:00:000 / top(01) / 00:00:10:000 para Root(00)
Mensaje * / 00:02:10:000 / Root(00) para top(01)
Mensaje * / 00:02:10:000 / top(01) para pump1(02)
Mensaje Y / 00:02:10:000 / pump1(02) / flow_out /      0.00000 para top(01)
Mensaje Y / 00:02:10:000 / pump1(02) / state_out /      0.00000 para top(01)
Mensaje D / 00:02:10:000 / pump1(02) / ... para top(01)
Mensaje Y / 00:02:10:000 / top(01) / flow_out /      0.00000 para Root(00)
Mensaje Y / 00:02:10:000 / top(01) / state_out1 /      0.00000 para Root(00)
Mensaje D / 00:02:10:000 / top(01) / 00:00:00:000 para Root(00)
Mensaje * / 00:02:10:000 / Root(00) para top(01)
Mensaje * / 00:02:10:000 / top(01) para pump2(03)
Mensaje Y / 00:02:10:000 / pump2(03) / flow_out /      0.00000 para top(01)
Mensaje Y / 00:02:10:000 / pump2(03) / state_out /      0.00000 para top(01)
Mensaje D / 00:02:10:000 / pump2(03) / ... para top(01)
Mensaje Y / 00:02:10:000 / top(01) / flow_out /      0.00000 para Root(00)
Mensaje Y / 00:02:10:000 / top(01) / state_out2 /      0.00000 para Root(00)
Mensaje D / 00:02:10:000 / top(01) / ... para Root(00)
Mensaje X / 00:05:30:000 / Root(00) / stop_in2 /      1.00000 para top(01)
Mensaje X / 00:05:30:000 / top(01) / stop_in /      1.00000 para pump2(03)
Mensaje D / 00:05:30:000 / pump2(03) / 00:00:10:000 para top(01)
Mensaje D / 00:05:30:000 / top(01) / 00:00:10:000 para Root(00)
Mensaje * / 00:05:40:000 / Root(00) para top(01)
Mensaje * / 00:05:40:000 / top(01) para pump2(03)
Mensaje Y / 00:05:40:000 / pump2(03) / flow_out /      0.00000 para top(01)
Mensaje Y / 00:05:40:000 / pump2(03) / state_out /      0.00000 para top(01)
Mensaje D / 00:05:40:000 / pump2(03) / ... para top(01)
Mensaje Y / 00:05:40:000 / top(01) / flow_out /      0.00000 para Root(00)
Mensaje Y / 00:05:40:000 / top(01) / state_out2 /      0.00000 para Root(00)
Mensaje D / 00:05:40:000 / top(01) / ... para Root(00)
Mensaje X / 00:05:45:000 / Root(00) / stop_in1 /      1.00000 para top(01)
Mensaje X / 00:05:45:000 / top(01) / stop_in /      1.00000 para pump1(02)
Mensaje D / 00:05:45:000 / pump1(02) / 00:00:10:000 para top(01)
Mensaje D / 00:05:45:000 / top(01) / 00:00:10:000 para Root(00)
Mensaje * / 00:05:55:000 / Root(00) para top(01)
Mensaje * / 00:05:55:000 / top(01) para pump1(02)
Mensaje Y / 00:05:55:000 / pump1(02) / flow_out /      0.00000 para top(01)
Mensaje Y / 00:05:55:000 / pump1(02) / state_out /      0.00000 para top(01)
Mensaje D / 00:05:55:000 / pump1(02) / ... para top(01)
Mensaje Y / 00:05:55:000 / top(01) / flow_out /      0.00000 para Root(00)
Mensaje Y / 00:05:55:000 / top(01) / state_out1 /      0.00000 para Root(00)
Mensaje D / 00:05:55:000 / top(01) / ... para Root(00)
