Mensaje I / 00:00:00:000 / Root(00) para top(01)
Mensaje I / 00:00:00:000 / top(01) para res(02)
Mensaje D / 00:00:00:000 / res(02) / ... para top(01)
Mensaje D / 00:00:00:000 / top(01) / ... para Root(00)
Mensaje X / 00:00:00:001 / Root(00) / qp_in /   1000.00000 para top(01)
Mensaje X / 00:00:00:001 / top(01) / qp_in /   1000.00000 para res(02)
Mensaje D / 00:00:00:001 / res(02) / 00:00:10:000 para top(01)
Mensaje D / 00:00:00:001 / top(01) / 00:00:10:000 para Root(00)
Mensaje * / 00:00:10:001 / Root(00) para top(01)
Mensaje * / 00:00:10:001 / top(01) para res(02)
Mensaje Y / 00:00:10:001 / res(02) / level_out /      1.00000 para top(01)
Mensaje Y / 00:00:10:001 / res(02) / low_level_out /      0.00000 para top(01)
Mensaje D / 00:00:10:001 / res(02) / ... para top(01)
Mensaje Y / 00:00:10:001 / top(01) / level_out /      1.00000 para Root(00)
Mensaje Y / 00:00:10:001 / top(01) / low_level_out /      0.00000 para Root(00)
Mensaje D / 00:00:10:001 / top(01) / ... para Root(00)
Mensaje X / 00:00:30:001 / Root(00) / qp_in /   1000.00000 para top(01)
Mensaje X / 00:00:30:001 / top(01) / qp_in /   1000.00000 para res(02)
Mensaje D / 00:00:30:001 / res(02) / 00:00:10:000 para top(01)
Mensaje D / 00:00:30:001 / top(01) / 00:00:10:000 para Root(00)
Mensaje * / 00:00:40:001 / Root(00) para top(01)
Mensaje * / 00:00:40:001 / top(01) para res(02)
Mensaje Y / 00:00:40:001 / res(02) / level_out /      0.97000 para top(01)
Mensaje Y / 00:00:40:001 / res(02) / low_level_out /      0.00000 para top(01)
Mensaje D / 00:00:40:001 / res(02) / ... para top(01)
Mensaje Y / 00:00:40:001 / top(01) / level_out /      0.97000 para Root(00)
Mensaje Y / 00:00:40:001 / top(01) / low_level_out /      0.00000 para Root(00)
Mensaje D / 00:00:40:001 / top(01) / ... para Root(00)
Mensaje X / 00:01:00:001 / Root(00) / qp_in /   1000.00000 para top(01)
Mensaje X / 00:01:00:001 / top(01) / qp_in /   1000.00000 para res(02)
Mensaje D / 00:01:00:001 / res(02) / 00:00:10:000 para top(01)
Mensaje D / 00:01:00:001 / top(01) / 00:00:10:000 para Root(00)
Mensaje * / 00:01:10:001 / Root(00) para top(01)
Mensaje * / 00:01:10:001 / top(01) para res(02)
Mensaje Y / 00:01:10:001 / res(02) / level_out /      0.94000 para top(01)
Mensaje Y / 00:01:10:001 / res(02) / low_level_out /      0.00000 para top(01)
Mensaje D / 00:01:10:001 / res(02) / ... para top(01)
Mensaje Y / 00:01:10:001 / top(01) / level_out /      0.94000 para Root(00)
Mensaje Y / 00:01:10:001 / top(01) / low_level_out /      0.00000 para Root(00)
Mensaje D / 00:01:10:001 / top(01) / ... para Root(00)
Mensaje X / 00:01:30:001 / Root(00) / qp_in /   1000.00000 para top(01)
Mensaje X / 00:01:30:001 / top(01) / qp_in /   1000.00000 para res(02)
Mensaje D / 00:01:30:001 / res(02) / 00:00:10:000 para top(01)
Mensaje D / 00:01:30:001 / top(01) / 00:00:10:000 para Root(00)
Mensaje * / 00:01:40:001 / Root(00) para top(01)
Mensaje * / 00:01:40:001 / top(01) para res(02)
Mensaje Y / 00:01:40:001 / res(02) / level_out /      0.91000 para top(01)
Mensaje Y / 00:01:40:001 / res(02) / low_level_out /      0.00000 para top(01)
Mensaje D / 00:01:40:001 / res(02) / ... para top(01)
Mensaje Y / 00:01:40:001 / top(01) / level_out /      0.91000 para Root(00)
Mensaje Y / 00:01:40:001 / top(01) / low_level_out /      0.00000 para Root(00)
Mensaje D / 00:01:40:001 / top(01) / ... para Root(00)
Mensaje X / 00:02:00:001 / Root(00) / qp_in /   1000.00000 para top(01)
Mensaje X / 00:02:00:001 / top(01) / qp_in /   1000.00000 para res(02)
Mensaje D / 00:02:00:001 / res(02) / 00:00:10:000 para top(01)
Mensaje D / 00:02:00:001 / top(01) / 00:00:10:000 para Root(00)
Mensaje * / 00:02:10:001 / Root(00) para top(01)
Mensaje * / 00:02:10:001 / top(01) para res(02)
Mensaje Y / 00:02:10:001 / res(02) / level_out /      0.88000 para top(01)
Mensaje Y / 00:02:10:001 / res(02) / low_level_out /      0.00000 para top(01)
Mensaje D / 00:02:10:001 / res(02) / ... para top(01)
Mensaje Y / 00:02:10:001 / top(01) / level_out /      0.88000 para Root(00)
Mensaje Y / 00:02:10:001 / top(01) / low_level_out /      0.00000 para Root(00)
Mensaje D / 00:02:10:001 / top(01) / ... para Root(00)
Mensaje X / 00:02:30:001 / Root(00) / qp_in /   1000.00000 para top(01)
Mensaje X / 00:02:30:001 / top(01) / qp_in /   1000.00000 para res(02)
Mensaje D / 00:02:30:001 / res(02) / 00:00:10:000 para top(01)
Mensaje D / 00:02:30:001 / top(01) / 00:00:10:000 para Root(00)
Mensaje * / 00:02:40:001 / Root(00) para top(01)
Mensaje * / 00:02:40:001 / top(01) para res(02)
Mensaje Y / 00:02:40:001 / res(02) / level_out /      0.85000 para top(01)
Mensaje Y / 00:02:40:001 / res(02) / low_level_out /      0.00000 para top(01)
Mensaje D / 00:02:40:001 / res(02) / ... para top(01)
Mensaje Y / 00:02:40:001 / top(01) / level_out /      0.85000 para Root(00)
Mensaje Y / 00:02:40:001 / top(01) / low_level_out /      0.00000 para Root(00)
Mensaje D / 00:02:40:001 / top(01) / ... para Root(00)
Mensaje X / 00:03:00:001 / Root(00) / qp_in /   1000.00000 para top(01)
Mensaje X / 00:03:00:001 / top(01) / qp_in /   1000.00000 para res(02)
Mensaje D / 00:03:00:001 / res(02) / 00:00:10:000 para top(01)
Mensaje D / 00:03:00:001 / top(01) / 00:00:10:000 para Root(00)
Mensaje * / 00:03:10:001 / Root(00) para top(01)
Mensaje * / 00:03:10:001 / top(01) para res(02)
Mensaje Y / 00:03:10:001 / res(02) / level_out /      0.82000 para top(01)
Mensaje Y / 00:03:10:001 / res(02) / low_level_out /      0.00000 para top(01)
Mensaje D / 00:03:10:001 / res(02) / ... para top(01)
Mensaje Y / 00:03:10:001 / top(01) / level_out /      0.82000 para Root(00)
Mensaje Y / 00:03:10:001 / top(01) / low_level_out /      0.00000 para Root(00)
Mensaje D / 00:03:10:001 / top(01) / ... para Root(00)
Mensaje X / 00:03:30:001 / Root(00) / qp_in /   1000.00000 para top(01)
Mensaje X / 00:03:30:001 / top(01) / qp_in /   1000.00000 para res(02)
Mensaje D / 00:03:30:001 / res(02) / 00:00:10:000 para top(01)
Mensaje D / 00:03:30:001 / top(01) / 00:00:10:000 para Root(00)
Mensaje * / 00:03:40:001 / Root(00) para top(01)
Mensaje * / 00:03:40:001 / top(01) para res(02)
Mensaje Y / 00:03:40:001 / res(02) / level_out /      0.79000 para top(01)
Mensaje Y / 00:03:40:001 / res(02) / low_level_out /      0.00000 para top(01)
Mensaje D / 00:03:40:001 / res(02) / ... para top(01)
Mensaje Y / 00:03:40:001 / top(01) / level_out /      0.79000 para Root(00)
Mensaje Y / 00:03:40:001 / top(01) / low_level_out /      0.00000 para Root(00)
Mensaje D / 00:03:40:001 / top(01) / ... para Root(00)
Mensaje X / 00:04:00:001 / Root(00) / qp_in /   1000.00000 para top(01)
Mensaje X / 00:04:00:001 / top(01) / qp_in /   1000.00000 para res(02)
Mensaje D / 00:04:00:001 / res(02) / 00:00:10:000 para top(01)
Mensaje D / 00:04:00:001 / top(01) / 00:00:10:000 para Root(00)
Mensaje * / 00:04:10:001 / Root(00) para top(01)
Mensaje * / 00:04:10:001 / top(01) para res(02)
Mensaje Y / 00:04:10:001 / res(02) / level_out /      0.76000 para top(01)
Mensaje Y / 00:04:10:001 / res(02) / low_level_out /      0.00000 para top(01)
Mensaje D / 00:04:10:001 / res(02) / ... para top(01)
Mensaje Y / 00:04:10:001 / top(01) / level_out /      0.76000 para Root(00)
Mensaje Y / 00:04:10:001 / top(01) / low_level_out /      0.00000 para Root(00)
Mensaje D / 00:04:10:001 / top(01) / ... para Root(00)
Mensaje X / 00:04:30:001 / Root(00) / qp_in /   1000.00000 para top(01)
Mensaje X / 00:04:30:001 / top(01) / qp_in /   1000.00000 para res(02)
Mensaje D / 00:04:30:001 / res(02) / 00:00:10:000 para top(01)
Mensaje D / 00:04:30:001 / top(01) / 00:00:10:000 para Root(00)
Mensaje * / 00:04:40:001 / Root(00) para top(01)
Mensaje * / 00:04:40:001 / top(01) para res(02)
Mensaje Y / 00:04:40:001 / res(02) / level_out /      0.73000 para top(01)
Mensaje Y / 00:04:40:001 / res(02) / low_level_out /      0.00000 para top(01)
Mensaje D / 00:04:40:001 / res(02) / ... para top(01)
Mensaje Y / 00:04:40:001 / top(01) / level_out /      0.73000 para Root(00)
Mensaje Y / 00:04:40:001 / top(01) / low_level_out /      0.00000 para Root(00)
Mensaje D / 00:04:40:001 / top(01) / ... para Root(00)
Mensaje X / 00:05:00:001 / Root(00) / qp_in /   1000.00000 para top(01)
Mensaje X / 00:05:00:001 / top(01) / qp_in /   1000.00000 para res(02)
Mensaje D / 00:05:00:001 / res(02) / 00:00:10:000 para top(01)
Mensaje D / 00:05:00:001 / top(01) / 00:00:10:000 para Root(00)
Mensaje * / 00:05:10:001 / Root(00) para top(01)
Mensaje * / 00:05:10:001 / top(01) para res(02)
Mensaje Y / 00:05:10:001 / res(02) / level_out /      0.70000 para top(01)
Mensaje Y / 00:05:10:001 / res(02) / low_level_out /      0.00000 para top(01)
Mensaje D / 00:05:10:001 / res(02) / ... para top(01)
Mensaje Y / 00:05:10:001 / top(01) / level_out /      0.70000 para Root(00)
Mensaje Y / 00:05:10:001 / top(01) / low_level_out /      0.00000 para Root(00)
Mensaje D / 00:05:10:001 / top(01) / ... para Root(00)
Mensaje X / 00:05:30:001 / Root(00) / qp_in /   1000.00000 para top(01)
Mensaje X / 00:05:30:001 / top(01) / qp_in /   1000.00000 para res(02)
Mensaje D / 00:05:30:001 / res(02) / 00:00:10:000 para top(01)
Mensaje D / 00:05:30:001 / top(01) / 00:00:10:000 para Root(00)
Mensaje * / 00:05:40:001 / Root(00) para top(01)
Mensaje * / 00:05:40:001 / top(01) para res(02)
Mensaje Y / 00:05:40:001 / res(02) / level_out /      0.67000 para top(01)
Mensaje Y / 00:05:40:001 / res(02) / low_level_out /      0.00000 para top(01)
Mensaje D / 00:05:40:001 / res(02) / ... para top(01)
Mensaje Y / 00:05:40:001 / top(01) / level_out /      0.67000 para Root(00)
Mensaje Y / 00:05:40:001 / top(01) / low_level_out /      0.00000 para Root(00)
Mensaje D / 00:05:40:001 / top(01) / ... para Root(00)
Mensaje X / 00:06:00:001 / Root(00) / qp_in /   1000.00000 para top(01)
Mensaje X / 00:06:00:001 / top(01) / qp_in /   1000.00000 para res(02)
Mensaje D / 00:06:00:001 / res(02) / 00:00:10:000 para top(01)
Mensaje D / 00:06:00:001 / top(01) / 00:00:10:000 para Root(00)
Mensaje * / 00:06:10:001 / Root(00) para top(01)
Mensaje * / 00:06:10:001 / top(01) para res(02)
Mensaje Y / 00:06:10:001 / res(02) / level_out /      0.64000 para top(01)
Mensaje Y / 00:06:10:001 / res(02) / low_level_out /      0.00000 para top(01)
Mensaje D / 00:06:10:001 / res(02) / ... para top(01)
Mensaje Y / 00:06:10:001 / top(01) / level_out /      0.64000 para Root(00)
Mensaje Y / 00:06:10:001 / top(01) / low_level_out /      0.00000 para Root(00)
Mensaje D / 00:06:10:001 / top(01) / ... para Root(00)
Mensaje X / 00:06:30:001 / Root(00) / qp_in /   1000.00000 para top(01)
Mensaje X / 00:06:30:001 / top(01) / qp_in /   1000.00000 para res(02)
Mensaje D / 00:06:30:001 / res(02) / 00:00:10:000 para top(01)
Mensaje D / 00:06:30:001 / top(01) / 00:00:10:000 para Root(00)
Mensaje * / 00:06:40:001 / Root(00) para top(01)
Mensaje * / 00:06:40:001 / top(01) para res(02)
Mensaje Y / 00:06:40:001 / res(02) / level_out /      0.61000 para top(01)
Mensaje Y / 00:06:40:001 / res(02) / low_level_out /      0.00000 para top(01)
Mensaje D / 00:06:40:001 / res(02) / ... para top(01)
Mensaje Y / 00:06:40:001 / top(01) / level_out /      0.61000 para Root(00)
Mensaje Y / 00:06:40:001 / top(01) / low_level_out /      0.00000 para Root(00)
Mensaje D / 00:06:40:001 / top(01) / ... para Root(00)
Mensaje X / 00:07:00:001 / Root(00) / qp_in /   1000.00000 para top(01)
Mensaje X / 00:07:00:001 / top(01) / qp_in /   1000.00000 para res(02)
Mensaje D / 00:07:00:001 / res(02) / 00:00:10:000 para top(01)
Mensaje D / 00:07:00:001 / top(01) / 00:00:10:000 para Root(00)
Mensaje * / 00:07:10:001 / Root(00) para top(01)
Mensaje * / 00:07:10:001 / top(01) para res(02)
Mensaje Y / 00:07:10:001 / res(02) / level_out /      0.58000 para top(01)
Mensaje Y / 00:07:10:001 / res(02) / low_level_out /      0.00000 para top(01)
Mensaje D / 00:07:10:001 / res(02) / ... para top(01)
Mensaje Y / 00:07:10:001 / top(01) / level_out /      0.58000 para Root(00)
Mensaje Y / 00:07:10:001 / top(01) / low_level_out /      0.00000 para Root(00)
Mensaje D / 00:07:10:001 / top(01) / ... para Root(00)
Mensaje X / 00:07:30:001 / Root(00) / qp_in /   1000.00000 para top(01)
Mensaje X / 00:07:30:001 / top(01) / qp_in /   1000.00000 para res(02)
Mensaje D / 00:07:30:001 / res(02) / 00:00:10:000 para top(01)
Mensaje D / 00:07:30:001 / top(01) / 00:00:10:000 para Root(00)
Mensaje * / 00:07:40:001 / Root(00) para top(01)
Mensaje * / 00:07:40:001 / top(01) para res(02)
Mensaje Y / 00:07:40:001 / res(02) / level_out /      0.55000 para top(01)
Mensaje Y / 00:07:40:001 / res(02) / low_level_out /      0.00000 para top(01)
Mensaje D / 00:07:40:001 / res(02) / ... para top(01)
Mensaje Y / 00:07:40:001 / top(01) / level_out /      0.55000 para Root(00)
Mensaje Y / 00:07:40:001 / top(01) / low_level_out /      0.00000 para Root(00)
Mensaje D / 00:07:40:001 / top(01) / ... para Root(00)
Mensaje X / 00:08:00:001 / Root(00) / qp_in /   1000.00000 para top(01)
Mensaje X / 00:08:00:001 / top(01) / qp_in /   1000.00000 para res(02)
Mensaje D / 00:08:00:001 / res(02) / 00:00:10:000 para top(01)
Mensaje D / 00:08:00:001 / top(01) / 00:00:10:000 para Root(00)
Mensaje * / 00:08:10:001 / Root(00) para top(01)
Mensaje * / 00:08:10:001 / top(01) para res(02)
Mensaje Y / 00:08:10:001 / res(02) / level_out /      0.52000 para top(01)
Mensaje Y / 00:08:10:001 / res(02) / low_level_out /      0.00000 para top(01)
Mensaje D / 00:08:10:001 / res(02) / ... para top(01)
Mensaje Y / 00:08:10:001 / top(01) / level_out /      0.52000 para Root(00)
Mensaje Y / 00:08:10:001 / top(01) / low_level_out /      0.00000 para Root(00)
Mensaje D / 00:08:10:001 / top(01) / ... para Root(00)
Mensaje X / 00:08:30:001 / Root(00) / qp_in /   1000.00000 para top(01)
Mensaje X / 00:08:30:001 / top(01) / qp_in /   1000.00000 para res(02)
Mensaje D / 00:08:30:001 / res(02) / 00:00:10:000 para top(01)
Mensaje D / 00:08:30:001 / top(01) / 00:00:10:000 para Root(00)
Mensaje * / 00:08:40:001 / Root(00) para top(01)
Mensaje * / 00:08:40:001 / top(01) para res(02)
Mensaje Y / 00:08:40:001 / res(02) / level_out /      0.49000 para top(01)
Mensaje Y / 00:08:40:001 / res(02) / low_level_out /      1.00000 para top(01)
Mensaje D / 00:08:40:001 / res(02) / ... para top(01)
Mensaje Y / 00:08:40:001 / top(01) / level_out /      0.49000 para Root(00)
Mensaje Y / 00:08:40:001 / top(01) / low_level_out /      1.00000 para Root(00)
Mensaje D / 00:08:40:001 / top(01) / ... para Root(00)
Mensaje X / 00:09:00:001 / Root(00) / qp_in /   1000.00000 para top(01)
Mensaje X / 00:09:00:001 / top(01) / qp_in /   1000.00000 para res(02)
Mensaje D / 00:09:00:001 / res(02) / 00:00:10:000 para top(01)
Mensaje D / 00:09:00:001 / top(01) / 00:00:10:000 para Root(00)
Mensaje * / 00:09:10:001 / Root(00) para top(01)
Mensaje * / 00:09:10:001 / top(01) para res(02)
Mensaje Y / 00:09:10:001 / res(02) / level_out /      0.46000 para top(01)
Mensaje Y / 00:09:10:001 / res(02) / low_level_out /      1.00000 para top(01)
Mensaje D / 00:09:10:001 / res(02) / ... para top(01)
Mensaje Y / 00:09:10:001 / top(01) / level_out /      0.46000 para Root(00)
Mensaje Y / 00:09:10:001 / top(01) / low_level_out /      1.00000 para Root(00)
Mensaje D / 00:09:10:001 / top(01) / ... para Root(00)
Mensaje X / 00:09:30:001 / Root(00) / qp_in /   1000.00000 para top(01)
Mensaje X / 00:09:30:001 / top(01) / qp_in /   1000.00000 para res(02)
Mensaje D / 00:09:30:001 / res(02) / 00:00:10:000 para top(01)
Mensaje D / 00:09:30:001 / top(01) / 00:00:10:000 para Root(00)
Mensaje * / 00:09:40:001 / Root(00) para top(01)
Mensaje * / 00:09:40:001 / top(01) para res(02)
Mensaje Y / 00:09:40:001 / res(02) / level_out /      0.43000 para top(01)
Mensaje Y / 00:09:40:001 / res(02) / low_level_out /      1.00000 para top(01)
Mensaje D / 00:09:40:001 / res(02) / ... para top(01)
Mensaje Y / 00:09:40:001 / top(01) / level_out /      0.43000 para Root(00)
Mensaje Y / 00:09:40:001 / top(01) / low_level_out /      1.00000 para Root(00)
Mensaje D / 00:09:40:001 / top(01) / ... para Root(00)
Mensaje X / 00:10:00:001 / Root(00) / qp_in /   1000.00000 para top(01)
Mensaje X / 00:10:00:001 / top(01) / qp_in /   1000.00000 para res(02)
Mensaje D / 00:10:00:001 / res(02) / 00:00:10:000 para top(01)
Mensaje D / 00:10:00:001 / top(01) / 00:00:10:000 para Root(00)
Mensaje * / 00:10:10:001 / Root(00) para top(01)
Mensaje * / 00:10:10:001 / top(01) para res(02)
Mensaje Y / 00:10:10:001 / res(02) / level_out /      0.40000 para top(01)
Mensaje Y / 00:10:10:001 / res(02) / low_level_out /      1.00000 para top(01)
Mensaje D / 00:10:10:001 / res(02) / ... para top(01)
Mensaje Y / 00:10:10:001 / top(01) / level_out /      0.40000 para Root(00)
Mensaje Y / 00:10:10:001 / top(01) / low_level_out /      1.00000 para Root(00)
Mensaje D / 00:10:10:001 / top(01) / ... para Root(00)
Mensaje X / 00:10:30:001 / Root(00) / qp_in /   1000.00000 para top(01)
Mensaje X / 00:10:30:001 / top(01) / qp_in /   1000.00000 para res(02)
Mensaje D / 00:10:30:001 / res(02) / 00:00:10:000 para top(01)
Mensaje D / 00:10:30:001 / top(01) / 00:00:10:000 para Root(00)
Mensaje * / 00:10:40:001 / Root(00) para top(01)
Mensaje * / 00:10:40:001 / top(01) para res(02)
Mensaje Y / 00:10:40:001 / res(02) / level_out /      0.37000 para top(01)
Mensaje Y / 00:10:40:001 / res(02) / low_level_out /      1.00000 para top(01)
Mensaje D / 00:10:40:001 / res(02) / ... para top(01)
Mensaje Y / 00:10:40:001 / top(01) / level_out /      0.37000 para Root(00)
Mensaje Y / 00:10:40:001 / top(01) / low_level_out /      1.00000 para Root(00)
Mensaje D / 00:10:40:001 / top(01) / ... para Root(00)
Mensaje X / 00:11:00:001 / Root(00) / qp_in /   1000.00000 para top(01)
Mensaje X / 00:11:00:001 / top(01) / qp_in /   1000.00000 para res(02)
Mensaje D / 00:11:00:001 / res(02) / 00:00:10:000 para top(01)
Mensaje D / 00:11:00:001 / top(01) / 00:00:10:000 para Root(00)
Mensaje * / 00:11:10:001 / Root(00) para top(01)
Mensaje * / 00:11:10:001 / top(01) para res(02)
Mensaje Y / 00:11:10:001 / res(02) / level_out /      0.34000 para top(01)
Mensaje Y / 00:11:10:001 / res(02) / low_level_out /      1.00000 para top(01)
Mensaje D / 00:11:10:001 / res(02) / ... para top(01)
Mensaje Y / 00:11:10:001 / top(01) / level_out /      0.34000 para Root(00)
Mensaje Y / 00:11:10:001 / top(01) / low_level_out /      1.00000 para Root(00)
Mensaje D / 00:11:10:001 / top(01) / ... para Root(00)
Mensaje X / 00:11:30:001 / Root(00) / qp_in /   1000.00000 para top(01)
Mensaje X / 00:11:30:001 / top(01) / qp_in /   1000.00000 para res(02)
Mensaje D / 00:11:30:001 / res(02) / 00:00:10:000 para top(01)
Mensaje D / 00:11:30:001 / top(01) / 00:00:10:000 para Root(00)
Mensaje * / 00:11:40:001 / Root(00) para top(01)
Mensaje * / 00:11:40:001 / top(01) para res(02)
Mensaje Y / 00:11:40:001 / res(02) / level_out /      0.31000 para top(01)
Mensaje Y / 00:11:40:001 / res(02) / low_level_out /      1.00000 para top(01)
Mensaje D / 00:11:40:001 / res(02) / ... para top(01)
Mensaje Y / 00:11:40:001 / top(01) / level_out /      0.31000 para Root(00)
Mensaje Y / 00:11:40:001 / top(01) / low_level_out /      1.00000 para Root(00)
Mensaje D / 00:11:40:001 / top(01) / ... para Root(00)
Mensaje X / 00:12:00:001 / Root(00) / qp_in /   1000.00000 para top(01)
Mensaje X / 00:12:00:001 / top(01) / qp_in /   1000.00000 para res(02)
Mensaje D / 00:12:00:001 / res(02) / 00:00:10:000 para top(01)
Mensaje D / 00:12:00:001 / top(01) / 00:00:10:000 para Root(00)
Mensaje * / 00:12:10:001 / Root(00) para top(01)
Mensaje * / 00:12:10:001 / top(01) para res(02)
Mensaje Y / 00:12:10:001 / res(02) / level_out /      0.28000 para top(01)
Mensaje Y / 00:12:10:001 / res(02) / low_level_out /      1.00000 para top(01)
Mensaje D / 00:12:10:001 / res(02) / ... para top(01)
Mensaje Y / 00:12:10:001 / top(01) / level_out /      0.28000 para Root(00)
Mensaje Y / 00:12:10:001 / top(01) / low_level_out /      1.00000 para Root(00)
Mensaje D / 00:12:10:001 / top(01) / ... para Root(00)
Mensaje X / 00:12:30:001 / Root(00) / qp_in /   1000.00000 para top(01)
Mensaje X / 00:12:30:001 / top(01) / qp_in /   1000.00000 para res(02)
Mensaje D / 00:12:30:001 / res(02) / 00:00:10:000 para top(01)
Mensaje D / 00:12:30:001 / top(01) / 00:00:10:000 para Root(00)
Mensaje * / 00:12:40:001 / Root(00) para top(01)
Mensaje * / 00:12:40:001 / top(01) para res(02)
Mensaje Y / 00:12:40:001 / res(02) / level_out /      0.25000 para top(01)
Mensaje Y / 00:12:40:001 / res(02) / low_level_out /      1.00000 para top(01)
Mensaje D / 00:12:40:001 / res(02) / ... para top(01)
Mensaje Y / 00:12:40:001 / top(01) / level_out /      0.25000 para Root(00)
Mensaje Y / 00:12:40:001 / top(01) / low_level_out /      1.00000 para Root(00)
Mensaje D / 00:12:40:001 / top(01) / ... para Root(00)
Mensaje X / 00:13:00:001 / Root(00) / qp_in /   1000.00000 para top(01)
Mensaje X / 00:13:00:001 / top(01) / qp_in /   1000.00000 para res(02)
Mensaje D / 00:13:00:001 / res(02) / 00:00:10:000 para top(01)
Mensaje D / 00:13:00:001 / top(01) / 00:00:10:000 para Root(00)
Mensaje * / 00:13:10:001 / Root(00) para top(01)
Mensaje * / 00:13:10:001 / top(01) para res(02)
Mensaje Y / 00:13:10:001 / res(02) / level_out /      0.22000 para top(01)
Mensaje Y / 00:13:10:001 / res(02) / low_level_out /      1.00000 para top(01)
Mensaje D / 00:13:10:001 / res(02) / ... para top(01)
Mensaje Y / 00:13:10:001 / top(01) / level_out /      0.22000 para Root(00)
Mensaje Y / 00:13:10:001 / top(01) / low_level_out /      1.00000 para Root(00)
Mensaje D / 00:13:10:001 / top(01) / ... para Root(00)
Mensaje X / 00:13:30:001 / Root(00) / qp_in /   1000.00000 para top(01)
Mensaje X / 00:13:30:001 / top(01) / qp_in /   1000.00000 para res(02)
Mensaje D / 00:13:30:001 / res(02) / 00:00:10:000 para top(01)
Mensaje D / 00:13:30:001 / top(01) / 00:00:10:000 para Root(00)
Mensaje * / 00:13:40:001 / Root(00) para top(01)
Mensaje * / 00:13:40:001 / top(01) para res(02)
Mensaje Y / 00:13:40:001 / res(02) / level_out /      0.19000 para top(01)
Mensaje Y / 00:13:40:001 / res(02) / low_level_out /      1.00000 para top(01)
Mensaje D / 00:13:40:001 / res(02) / ... para top(01)
Mensaje Y / 00:13:40:001 / top(01) / level_out /      0.19000 para Root(00)
Mensaje Y / 00:13:40:001 / top(01) / low_level_out /      1.00000 para Root(00)
Mensaje D / 00:13:40:001 / top(01) / ... para Root(00)
Mensaje X / 00:14:00:001 / Root(00) / qp_in /   1000.00000 para top(01)
Mensaje X / 00:14:00:001 / top(01) / qp_in /   1000.00000 para res(02)
Mensaje D / 00:14:00:001 / res(02) / 00:00:10:000 para top(01)
Mensaje D / 00:14:00:001 / top(01) / 00:00:10:000 para Root(00)
Mensaje * / 00:14:10:001 / Root(00) para top(01)
Mensaje * / 00:14:10:001 / top(01) para res(02)
Mensaje Y / 00:14:10:001 / res(02) / level_out /      0.16000 para top(01)
Mensaje Y / 00:14:10:001 / res(02) / low_level_out /      1.00000 para top(01)
Mensaje D / 00:14:10:001 / res(02) / ... para top(01)
Mensaje Y / 00:14:10:001 / top(01) / level_out /      0.16000 para Root(00)
Mensaje Y / 00:14:10:001 / top(01) / low_level_out /      1.00000 para Root(00)
Mensaje D / 00:14:10:001 / top(01) / ... para Root(00)
Mensaje X / 00:14:30:001 / Root(00) / qp_in /   1000.00000 para top(01)
Mensaje X / 00:14:30:001 / top(01) / qp_in /   1000.00000 para res(02)
Mensaje D / 00:14:30:001 / res(02) / 00:00:10:000 para top(01)
Mensaje D / 00:14:30:001 / top(01) / 00:00:10:000 para Root(00)
Mensaje * / 00:14:40:001 / Root(00) para top(01)
Mensaje * / 00:14:40:001 / top(01) para res(02)
Mensaje Y / 00:14:40:001 / res(02) / level_out /      0.13000 para top(01)
Mensaje Y / 00:14:40:001 / res(02) / low_level_out /      1.00000 para top(01)
Mensaje D / 00:14:40:001 / res(02) / ... para top(01)
Mensaje Y / 00:14:40:001 / top(01) / level_out /      0.13000 para Root(00)
Mensaje Y / 00:14:40:001 / top(01) / low_level_out /      1.00000 para Root(00)
Mensaje D / 00:14:40:001 / top(01) / ... para Root(00)
Mensaje X / 00:15:00:001 / Root(00) / qp_in /   1000.00000 para top(01)
Mensaje X / 00:15:00:001 / top(01) / qp_in /   1000.00000 para res(02)
Mensaje D / 00:15:00:001 / res(02) / 00:00:10:000 para top(01)
Mensaje D / 00:15:00:001 / top(01) / 00:00:10:000 para Root(00)
Mensaje * / 00:15:10:001 / Root(00) para top(01)
Mensaje * / 00:15:10:001 / top(01) para res(02)
Mensaje Y / 00:15:10:001 / res(02) / level_out /      0.10000 para top(01)
Mensaje Y / 00:15:10:001 / res(02) / low_level_out /      1.00000 para top(01)
Mensaje D / 00:15:10:001 / res(02) / ... para top(01)
Mensaje Y / 00:15:10:001 / top(01) / level_out /      0.10000 para Root(00)
Mensaje Y / 00:15:10:001 / top(01) / low_level_out /      1.00000 para Root(00)
Mensaje D / 00:15:10:001 / top(01) / ... para Root(00)
Mensaje X / 00:15:30:001 / Root(00) / qp_in /   1000.00000 para top(01)
Mensaje X / 00:15:30:001 / top(01) / qp_in /   1000.00000 para res(02)
Mensaje D / 00:15:30:001 / res(02) / 00:00:10:000 para top(01)
Mensaje D / 00:15:30:001 / top(01) / 00:00:10:000 para Root(00)
Mensaje * / 00:15:40:001 / Root(00) para top(01)
Mensaje * / 00:15:40:001 / top(01) para res(02)
Mensaje Y / 00:15:40:001 / res(02) / level_out /      0.07000 para top(01)
Mensaje Y / 00:15:40:001 / res(02) / low_level_out /      1.00000 para top(01)
Mensaje D / 00:15:40:001 / res(02) / ... para top(01)
Mensaje Y / 00:15:40:001 / top(01) / level_out /      0.07000 para Root(00)
Mensaje Y / 00:15:40:001 / top(01) / low_level_out /      1.00000 para Root(00)
Mensaje D / 00:15:40:001 / top(01) / ... para Root(00)
