Mensaje I / 00:00:00:000 / Root(00) para top(01)
Mensaje I / 00:00:00:000 / top(01) para wpump1(02)
Mensaje I / 00:00:00:000 / top(01) para wpump2(03)
Mensaje D / 00:00:00:000 / wpump1(02) / ... para top(01)
Mensaje D / 00:00:00:000 / wpump2(03) / ... para top(01)
Mensaje D / 00:00:00:000 / top(01) / ... para Root(00)
Mensaje X / 00:00:10:000 / Root(00) / start_in1 /      1.00000 para top(01)
Mensaje X / 00:00:10:000 / top(01) / start_in /      1.00000 para wpump1(02)
Mensaje D / 00:00:10:000 / wpump1(02) / 00:00:00:001 para top(01)
Mensaje D / 00:00:10:000 / top(01) / 00:00:00:001 para Root(00)
Mensaje * / 00:00:10:001 / Root(00) para top(01)
Mensaje * / 00:00:10:001 / top(01) para wpump1(02)
Mensaje Y / 00:00:10:001 / wpump1(02) / flow_out /    250.00000 para top(01)
Mensaje D / 00:00:10:001 / wpump1(02) / 00:00:10:000 para top(01)
Mensaje Y / 00:00:10:001 / top(01) / flow_out /    250.00000 para Root(00)
Mensaje D / 00:00:10:001 / top(01) / 00:00:10:000 para Root(00)
Mensaje * / 00:00:20:001 / Root(00) para top(01)
Mensaje * / 00:00:20:001 / top(01) para wpump1(02)
Mensaje Y / 00:00:20:001 / wpump1(02) / flow_out /    250.00000 para top(01)
Mensaje D / 00:00:20:001 / wpump1(02) / 00:00:10:000 para top(01)
Mensaje Y / 00:00:20:001 / top(01) / flow_out /    250.00000 para Root(00)
Mensaje D / 00:00:20:001 / top(01) / 00:00:10:000 para Root(00)
Mensaje * / 00:00:30:001 / Root(00) para top(01)
Mensaje * / 00:00:30:001 / top(01) para wpump1(02)
Mensaje Y / 00:00:30:001 / wpump1(02) / flow_out /    250.00000 para top(01)
Mensaje D / 00:00:30:001 / wpump1(02) / 00:00:10:000 para top(01)
Mensaje Y / 00:00:30:001 / top(01) / flow_out /    250.00000 para Root(00)
Mensaje D / 00:00:30:001 / top(01) / 00:00:10:000 para Root(00)
Mensaje * / 00:00:40:001 / Root(00) para top(01)
Mensaje * / 00:00:40:001 / top(01) para wpump1(02)
Mensaje Y / 00:00:40:001 / wpump1(02) / flow_out /    250.00000 para top(01)
Mensaje D / 00:00:40:001 / wpump1(02) / 00:00:10:000 para top(01)
Mensaje Y / 00:00:40:001 / top(01) / flow_out /    250.00000 para Root(00)
Mensaje D / 00:00:40:001 / top(01) / 00:00:10:000 para Root(00)
Mensaje * / 00:00:50:001 / Root(00) para top(01)
Mensaje * / 00:00:50:001 / top(01) para wpump1(02)
Mensaje Y / 00:00:50:001 / wpump1(02) / flow_out /    250.00000 para top(01)
Mensaje D / 00:00:50:001 / wpump1(02) / 00:00:10:000 para top(01)
Mensaje Y / 00:00:50:001 / top(01) / flow_out /    250.00000 para Root(00)
Mensaje D / 00:00:50:001 / top(01) / 00:00:10:000 para Root(00)
Mensaje X / 00:01:00:000 / Root(00) / start_in2 /      1.00000 para top(01)
Mensaje X / 00:01:00:000 / top(01) / start_in /      1.00000 para wpump2(03)
Mensaje D / 00:01:00:000 / wpump2(03) / 00:00:00:001 para top(01)
Mensaje D / 00:01:00:000 / top(01) / 00:00:00:001 para Root(00)
Mensaje * / 00:01:00:001 / Root(00) para top(01)
Mensaje * / 00:01:00:001 / top(01) para wpump1(02)
Mensaje Y / 00:01:00:001 / wpump1(02) / flow_out /    450.00000 para top(01)
Mensaje D / 00:01:00:001 / wpump1(02) / 00:00:10:000 para top(01)
Mensaje Y / 00:01:00:001 / top(01) / flow_out /    450.00000 para Root(00)
Mensaje D / 00:01:00:001 / top(01) / 00:00:00:000 para Root(00)
Mensaje * / 00:01:00:001 / Root(00) para top(01)
Mensaje * / 00:01:00:001 / top(01) para wpump2(03)
Mensaje Y / 00:01:00:001 / wpump2(03) / flow_out /    450.00000 para top(01)
Mensaje D / 00:01:00:001 / wpump2(03) / 00:00:10:000 para top(01)
Mensaje Y / 00:01:00:001 / top(01) / flow_out /    450.00000 para Root(00)
Mensaje D / 00:01:00:001 / top(01) / 00:00:10:000 para Root(00)
Mensaje * / 00:01:10:001 / Root(00) para top(01)
Mensaje * / 00:01:10:001 / top(01) para wpump1(02)
Mensaje Y / 00:01:10:001 / wpump1(02) / flow_out /    450.00000 para top(01)
Mensaje D / 00:01:10:001 / wpump1(02) / 00:00:10:000 para top(01)
Mensaje Y / 00:01:10:001 / top(01) / flow_out /    450.00000 para Root(00)
Mensaje D / 00:01:10:001 / top(01) / 00:00:00:000 para Root(00)
Mensaje * / 00:01:10:001 / Root(00) para top(01)
Mensaje * / 00:01:10:001 / top(01) para wpump2(03)
Mensaje Y / 00:01:10:001 / wpump2(03) / flow_out /    450.00000 para top(01)
Mensaje D / 00:01:10:001 / wpump2(03) / 00:00:10:000 para top(01)
Mensaje Y / 00:01:10:001 / top(01) / flow_out /    450.00000 para Root(00)
Mensaje D / 00:01:10:001 / top(01) / 00:00:10:000 para Root(00)
Mensaje * / 00:01:20:001 / Root(00) para top(01)
Mensaje * / 00:01:20:001 / top(01) para wpump1(02)
Mensaje Y / 00:01:20:001 / wpump1(02) / flow_out /    450.00000 para top(01)
Mensaje D / 00:01:20:001 / wpump1(02) / 00:00:10:000 para top(01)
Mensaje Y / 00:01:20:001 / top(01) / flow_out /    450.00000 para Root(00)
Mensaje D / 00:01:20:001 / top(01) / 00:00:00:000 para Root(00)
Mensaje * / 00:01:20:001 / Root(00) para top(01)
Mensaje * / 00:01:20:001 / top(01) para wpump2(03)
Mensaje Y / 00:01:20:001 / wpump2(03) / flow_out /    450.00000 para top(01)
Mensaje D / 00:01:20:001 / wpump2(03) / 00:00:10:000 para top(01)
Mensaje Y / 00:01:20:001 / top(01) / flow_out /    450.00000 para Root(00)
Mensaje D / 00:01:20:001 / top(01) / 00:00:10:000 para Root(00)
Mensaje X / 00:01:30:000 / Root(00) / stop_in2 /      1.00000 para top(01)
Mensaje X / 00:01:30:000 / top(01) / stop_in /      1.00000 para wpump2(03)
Mensaje D / 00:01:30:000 / wpump2(03) / 00:00:00:001 para top(01)
Mensaje D / 00:01:30:000 / top(01) / 00:00:00:001 para Root(00)
Mensaje * / 00:01:30:001 / Root(00) para top(01)
Mensaje * / 00:01:30:001 / top(01) para wpump1(02)
Mensaje Y / 00:01:30:001 / wpump1(02) / flow_out /    250.00000 para top(01)
Mensaje D / 00:01:30:001 / wpump1(02) / 00:00:10:000 para top(01)
Mensaje Y / 00:01:30:001 / top(01) / flow_out /    250.00000 para Root(00)
Mensaje D / 00:01:30:001 / top(01) / 00:00:00:000 para Root(00)
Mensaje * / 00:01:30:001 / Root(00) para top(01)
Mensaje * / 00:01:30:001 / top(01) para wpump2(03)
Mensaje Y / 00:01:30:001 / wpump2(03) / flow_out /    250.00000 para top(01)
Mensaje D / 00:01:30:001 / wpump2(03) / ... para top(01)
Mensaje Y / 00:01:30:001 / top(01) / flow_out /    250.00000 para Root(00)
Mensaje D / 00:01:30:001 / top(01) / 00:00:10:000 para Root(00)
Mensaje * / 00:01:40:001 / Root(00) para top(01)
Mensaje * / 00:01:40:001 / top(01) para wpump1(02)
Mensaje Y / 00:01:40:001 / wpump1(02) / flow_out /    250.00000 para top(01)
Mensaje D / 00:01:40:001 / wpump1(02) / 00:00:10:000 para top(01)
Mensaje Y / 00:01:40:001 / top(01) / flow_out /    250.00000 para Root(00)
Mensaje D / 00:01:40:001 / top(01) / 00:00:10:000 para Root(00)
Mensaje * / 00:01:50:001 / Root(00) para top(01)
Mensaje * / 00:01:50:001 / top(01) para wpump1(02)
Mensaje Y / 00:01:50:001 / wpump1(02) / flow_out /    250.00000 para top(01)
Mensaje D / 00:01:50:001 / wpump1(02) / 00:00:10:000 para top(01)
Mensaje Y / 00:01:50:001 / top(01) / flow_out /    250.00000 para Root(00)
Mensaje D / 00:01:50:001 / top(01) / 00:00:10:000 para Root(00)
Mensaje X / 00:02:00:000 / Root(00) / stop_in1 /      1.00000 para top(01)
Mensaje X / 00:02:00:000 / top(01) / stop_in /      1.00000 para wpump1(02)
Mensaje D / 00:02:00:000 / wpump1(02) / 00:00:00:001 para top(01)
Mensaje D / 00:02:00:000 / top(01) / 00:00:00:001 para Root(00)
Mensaje * / 00:02:00:001 / Root(00) para top(01)
Mensaje * / 00:02:00:001 / top(01) para wpump1(02)
Mensaje Y / 00:02:00:001 / wpump1(02) / flow_out /      0.00000 para top(01)
Mensaje D / 00:02:00:001 / wpump1(02) / ... para top(01)
Mensaje Y / 00:02:00:001 / top(01) / flow_out /      0.00000 para Root(00)
Mensaje D / 00:02:00:001 / top(01) / ... para Root(00)
